2022-05-12 20:05:75 INFO  ExtentListener:63 - LoginTest started
2022-05-12 20:05:734 INFO  TestBase:126 - Could not start a new session. Response code 500. Message: session not created: This version of ChromeDriver only supports Chrome version 99
Current browser version is 101.0.4951.64 with binary path C:\Program Files\Google\Chrome\Application\chrome.exe
Build info: version: '4.1.2', revision: '9a5a329c5a'
System info: host: 'ZEESHANAHMED', ip: '10.0.75.1', os.name: 'Windows 10', os.arch: 'amd64', os.version: '10.0', java.version: '11.0.13'
Driver info: org.openqa.selenium.chrome.ChromeDriver
Command: [null, newSession {capabilities=[Capabilities {browserName: chrome, goog:chromeOptions: {args: [--test-type, --disable-popup-blocking, --incognito], extensions: []}}], desiredCapabilities=Capabilities {browserName: chrome, goog:chromeOptions: {args: [--test-type, --disable-popup-blocking, --incognito], extensions: []}}}]
2022-05-12 20:05:861 INFO  ExtentListener:24 - testLoginToApplication test started
2022-05-12 20:05:871 WARN  ExtentListener:45 - testLoginToApplication test skipped java.lang.NullPointerException
2022-05-12 20:05:316 INFO  ExtentListener:70 - LoginTest finished
2022-05-12 20:05:319 INFO  ExtentListener:63 - RegistrationTest started
2022-05-12 20:05:399 INFO  TestBase:126 - Could not start a new session. Response code 500. Message: session not created: This version of ChromeDriver only supports Chrome version 99
Current browser version is 101.0.4951.64 with binary path C:\Program Files\Google\Chrome\Application\chrome.exe
Build info: version: '4.1.2', revision: '9a5a329c5a'
System info: host: 'ZEESHANAHMED', ip: '10.0.75.1', os.name: 'Windows 10', os.arch: 'amd64', os.version: '10.0', java.version: '11.0.13'
Driver info: org.openqa.selenium.chrome.ChromeDriver
Command: [null, newSession {capabilities=[Capabilities {browserName: chrome, goog:chromeOptions: {args: [--test-type, --disable-popup-blocking, --incognito], extensions: []}}], desiredCapabilities=Capabilities {browserName: chrome, goog:chromeOptions: {args: [--test-type, --disable-popup-blocking, --incognito], extensions: []}}}]
2022-05-12 20:05:438 INFO  ExtentListener:24 - testLoginApplication test started
2022-05-12 20:05:449 WARN  ExtentListener:45 - testLoginApplication test skipped java.lang.NullPointerException
2022-05-12 20:05:512 INFO  ExtentListener:70 - RegistrationTest finished
2022-05-12 20:05:515 INFO  ExtentListener:63 - VerifyLowestFirstPriceSortTest started
2022-05-12 20:05:441 INFO  TestBase:126 - Could not start a new session. Response code 500. Message: session not created: This version of ChromeDriver only supports Chrome version 99
Current browser version is 101.0.4951.64 with binary path C:\Program Files\Google\Chrome\Application\chrome.exe
Build info: version: '4.1.2', revision: '9a5a329c5a'
System info: host: 'ZEESHANAHMED', ip: '10.0.75.1', os.name: 'Windows 10', os.arch: 'amd64', os.version: '10.0', java.version: '11.0.13'
Driver info: org.openqa.selenium.chrome.ChromeDriver
Command: [null, newSession {capabilities=[Capabilities {browserName: chrome, goog:chromeOptions: {args: [--test-type, --disable-popup-blocking, --incognito], extensions: []}}], desiredCapabilities=Capabilities {browserName: chrome, goog:chromeOptions: {args: [--test-type, --disable-popup-blocking, --incognito], extensions: []}}}]
2022-05-12 20:05:478 INFO  ExtentListener:24 - verifySortByLowestPricesFirst test started
2022-05-12 20:05:489 WARN  ExtentListener:45 - verifySortByLowestPricesFirst test skipped java.lang.NullPointerException
2022-05-12 20:05:573 INFO  ExtentListener:70 - VerifyLowestFirstPriceSortTest finished
2022-05-12 20:05:567 INFO  ExtentListener:63 - LoginTest started
2022-05-12 20:05:66 INFO  TestBase:133 - initialze webdriver: ChromeDriver: chrome on WINDOWS (0208e51d60fdf0636fa2cce40641a693)
2022-05-12 20:05:68 INFO  WaitHelper:22 - WaitHelper object created
2022-05-12 20:05:84 INFO  WaitHelper:28 - Implicit Wait has been set to: 30
2022-05-12 20:05:84 INFO  WaitHelper:91 - Waiting for loading a page for: 30
2022-05-12 20:05:90 INFO  WaitHelper:93 - Page is loaded
2022-05-12 20:05:143 INFO  ExtentListener:24 - testLoginToApplication test started
2022-05-12 20:05:47 INFO  WaitHelper:22 - WaitHelper object created
2022-05-12 20:05:121 INFO  TestBase:161 - Capturing ui navigation screen
2022-05-12 20:05:419 INFO  LoginPage:54 - clicking on sign in link
2022-05-12 20:05:153 INFO  LoginPage:60 - Entering email address
2022-05-12 20:05:298 INFO  LoginPage:66 - Entering password
2022-05-12 20:05:411 INFO  LoginPage:72 - clicking on signin button
2022-05-12 20:05:413 INFO  JavaScriptHelper:15 - JavaScriptHelper has been initialised
2022-05-12 20:05:425 INFO  JavaScriptHelper:52 - Scrolling down vertically
2022-05-12 20:05:767 INFO  WaitHelper:22 - WaitHelper object created
2022-05-12 20:05:839 INFO  TestBase:161 - Capturing ui navigation screen
2022-05-12 20:05:03 INFO  LoginPage:103 - login to application completed and landed on account page
2022-05-12 20:05:35 INFO  LoginPage:80 - element is displaying Welcome to your account. Here you can manage all of your personal information and orders.
2022-05-12 20:05:141 INFO  VerificationHelper:20 - Element is displayed Welcome to your account. Here you can manage all of your personal information and orders.
2022-05-12 20:05:152 INFO  ExtentListener:31 - testLoginToApplication test passed
2022-05-12 20:05:454 INFO  ExtentListener:70 - LoginTest finished
2022-05-12 20:05:456 INFO  ExtentListener:63 - RegistrationTest started
2022-05-12 20:05:843 INFO  TestBase:133 - initialze webdriver: ChromeDriver: chrome on WINDOWS (26ea111ee6309f19ce03432d992dfd6b)
2022-05-12 20:05:844 INFO  WaitHelper:22 - WaitHelper object created
2022-05-12 20:05:853 INFO  WaitHelper:28 - Implicit Wait has been set to: 30
2022-05-12 20:05:853 INFO  WaitHelper:91 - Waiting for loading a page for: 30
2022-05-12 20:05:857 INFO  WaitHelper:93 - Page is loaded
2022-05-12 20:05:860 INFO  ExtentListener:24 - testLoginApplication test started
2022-05-12 20:05:794 INFO  WaitHelper:22 - WaitHelper object created
2022-05-12 20:05:852 INFO  TestBase:161 - Capturing ui navigation screen
2022-05-12 20:05:120 INFO  LoginPage:54 - clicking on sign in link
2022-05-12 20:05:807 INFO  LoginPage:87 - entering registration email
2022-05-12 20:05:43 INFO  WaitHelper:22 - WaitHelper object created
2022-05-12 20:05:30 INFO  TestBase:161 - Capturing ui navigation screen
2022-05-12 20:05:299 INFO  RegistrationPage:73 - RegistrationPage created
2022-05-12 20:05:301 INFO  WaitHelper:22 - WaitHelper object created
2022-05-12 20:05:358 INFO  TestBase:161 - Capturing ui navigation screen
2022-05-12 20:05:605 INFO  RegistrationPage:73 - RegistrationPage created
2022-05-12 20:05:702 INFO  RegistrationPage:85 - firstName entered
2022-05-12 20:05:825 INFO  RegistrationPage:91 - lastName entered
2022-05-12 20:05:918 INFO  RegistrationPage:97 - password entered
2022-05-12 20:05:26 INFO  RegistrationPage:151 - address entered
2022-05-12 20:05:143 INFO  RegistrationPage:113 - day entered
2022-05-12 20:05:254 INFO  RegistrationPage:129 - month entered
2022-05-12 20:05:516 INFO  RegistrationPage:145 - year entered
2022-05-12 20:05:627 INFO  RegistrationPage:157 - city entered
2022-05-12 20:05:752 INFO  RegistrationPage:173 - state entered California
2022-05-12 20:05:856 INFO  RegistrationPage:179 - zipcode entered
2022-05-12 20:05:986 INFO  RegistrationPage:185 - phonenumber entered
2022-05-12 20:05:201 INFO  RegistrationPage:191 - registrationButto clicked
2022-05-12 20:05:201 INFO  WaitHelper:22 - WaitHelper object created
2022-05-12 20:05:234 INFO  TestBase:161 - Capturing ui navigation screen
2022-05-12 20:05:395 INFO  WaitHelper:22 - WaitHelper object created
2022-05-12 20:05:419 INFO  TestBase:161 - Capturing ui navigation screen
2022-05-12 20:05:631 INFO  VerificationHelper:20 - Element is displayed Welcome to your account. Here you can manage all of your personal information and orders.
2022-05-12 20:05:633 INFO  ExtentListener:31 - testLoginApplication test passed
2022-05-12 20:05:452 INFO  ExtentListener:70 - RegistrationTest finished
2022-05-12 20:05:458 INFO  ExtentListener:63 - VerifyLowestFirstPriceSortTest started
2022-05-12 20:05:821 INFO  TestBase:133 - initialze webdriver: ChromeDriver: chrome on WINDOWS (54981df8324a3110bbe62121cb9cd4bc)
2022-05-12 20:05:821 INFO  WaitHelper:22 - WaitHelper object created
2022-05-12 20:05:831 INFO  WaitHelper:28 - Implicit Wait has been set to: 30
2022-05-12 20:05:831 INFO  WaitHelper:91 - Waiting for loading a page for: 30
2022-05-12 20:05:834 INFO  WaitHelper:93 - Page is loaded
2022-05-12 20:05:837 INFO  ExtentListener:24 - verifySortByLowestPricesFirst test started
2022-05-12 20:05:328 INFO  WaitHelper:22 - WaitHelper object created
2022-05-12 20:05:368 INFO  TestBase:161 - Capturing ui navigation screen
2022-05-12 20:05:636 INFO  NavigationMenu:54 - click on Product Category Menu
2022-05-12 20:05:594 INFO  WaitHelper:22 - WaitHelper object created
2022-05-12 20:05:659 INFO  TestBase:161 - Capturing ui navigation screen
2022-05-12 20:05:861 INFO  ProductCategoryPage:58 - product category page is created
2022-05-12 20:05:23 INFO  DropdownHelper:36 - Select by visible text
2022-05-12 20:05:138 INFO  ProductCategoryPage:154 - 16.40
2022-05-12 20:05:184 INFO  ProductCategoryPage:154 - 16.51
2022-05-12 20:05:231 INFO  ProductCategoryPage:154 - 26.00
2022-05-12 20:05:278 INFO  ProductCategoryPage:154 - 27.00
2022-05-12 20:05:322 INFO  ProductCategoryPage:154 - 28.98
2022-05-12 20:05:361 INFO  ProductCategoryPage:154 - 30.50
2022-05-12 20:05:388 INFO  ProductCategoryPage:154 - 50.99
2022-05-12 20:05:388 INFO  ProductCategoryPage:160 - [16, 16, 26, 27, 28, 30, 50]
2022-05-12 20:05:389 INFO  ProductCategoryPage:163 - 16 <= 16
2022-05-12 20:05:390 INFO  ProductCategoryPage:163 - 16 <= 26
2022-05-12 20:05:390 INFO  ProductCategoryPage:163 - 26 <= 27
2022-05-12 20:05:391 INFO  ProductCategoryPage:163 - 27 <= 28
2022-05-12 20:05:391 INFO  ProductCategoryPage:163 - 28 <= 30
2022-05-12 20:05:391 INFO  ProductCategoryPage:163 - 30 <= 50
2022-05-12 20:05:394 INFO  ExtentListener:31 - verifySortByLowestPricesFirst test passed
2022-05-12 20:05:197 INFO  ExtentListener:70 - VerifyLowestFirstPriceSortTest finished
2022-05-12 20:05:971 INFO  ExtentListener:63 - LoginTest started
2022-05-12 20:05:653 INFO  TestBase:133 - initialze webdriver: ChromeDriver: chrome on WINDOWS (00bc0c603091bb995f65f90b11f633f7)
2022-05-12 20:05:655 INFO  WaitHelper:22 - WaitHelper object created
2022-05-12 20:05:674 INFO  WaitHelper:28 - Implicit Wait has been set to: 30
2022-05-12 20:05:675 INFO  WaitHelper:91 - Waiting for loading a page for: 30
2022-05-12 20:05:681 INFO  WaitHelper:93 - Page is loaded
2022-05-12 20:05:744 INFO  ExtentListener:24 - testLoginToApplication test started
2022-05-12 20:05:65 INFO  WaitHelper:22 - WaitHelper object created
2022-05-12 20:05:137 INFO  TestBase:161 - Capturing ui navigation screen
2022-05-12 20:05:450 INFO  LoginPage:54 - clicking on sign in link
2022-05-12 20:05:284 INFO  LoginPage:60 - Entering email address
2022-05-12 20:05:457 INFO  LoginPage:66 - Entering password
2022-05-12 20:05:595 INFO  LoginPage:72 - clicking on signin button
2022-05-12 20:05:597 INFO  JavaScriptHelper:15 - JavaScriptHelper has been initialised
2022-05-12 20:05:606 INFO  JavaScriptHelper:52 - Scrolling down vertically
2022-05-12 20:05:632 INFO  WaitHelper:22 - WaitHelper object created
2022-05-12 20:05:756 INFO  TestBase:161 - Capturing ui navigation screen
2022-05-12 20:05:962 INFO  LoginPage:103 - login to application completed and landed on account page
2022-05-12 20:05:17 INFO  LoginPage:80 - element is displaying Welcome to your account. Here you can manage all of your personal information and orders.
2022-05-12 20:05:126 INFO  VerificationHelper:20 - Element is displayed Welcome to your account. Here you can manage all of your personal information and orders.
2022-05-12 20:05:133 INFO  ExtentListener:31 - testLoginToApplication test passed
2022-05-12 20:05:870 INFO  ExtentListener:70 - LoginTest finished
2022-05-12 20:05:872 INFO  ExtentListener:63 - RegistrationTest started
2022-05-12 20:05:199 INFO  TestBase:133 - initialze webdriver: ChromeDriver: chrome on WINDOWS (0cf299654285836492579a908239c8f5)
2022-05-12 20:05:200 INFO  WaitHelper:22 - WaitHelper object created
2022-05-12 20:05:205 INFO  WaitHelper:28 - Implicit Wait has been set to: 30
2022-05-12 20:05:205 INFO  WaitHelper:91 - Waiting for loading a page for: 30
2022-05-12 20:05:211 INFO  WaitHelper:93 - Page is loaded
2022-05-12 20:05:215 INFO  ExtentListener:24 - testLoginApplication test started
2022-05-12 20:05:871 INFO  WaitHelper:22 - WaitHelper object created
2022-05-12 20:05:915 INFO  TestBase:161 - Capturing ui navigation screen
2022-05-12 20:05:185 INFO  LoginPage:54 - clicking on sign in link
2022-05-12 20:05:684 INFO  LoginPage:87 - entering registration email
2022-05-12 20:05:946 INFO  WaitHelper:22 - WaitHelper object created
2022-05-12 20:05:500 INFO  TestBase:161 - Capturing ui navigation screen
2022-05-12 20:05:658 INFO  RegistrationPage:73 - RegistrationPage created
2022-05-12 20:05:659 INFO  WaitHelper:22 - WaitHelper object created
2022-05-12 20:05:690 INFO  TestBase:161 - Capturing ui navigation screen
2022-05-12 20:05:842 INFO  RegistrationPage:73 - RegistrationPage created
2022-05-12 20:05:956 INFO  RegistrationPage:85 - firstName entered
2022-05-12 20:05:130 INFO  RegistrationPage:91 - lastName entered
2022-05-12 20:05:223 INFO  RegistrationPage:97 - password entered
2022-05-12 20:05:330 INFO  RegistrationPage:151 - address entered
2022-05-12 20:05:463 INFO  RegistrationPage:113 - day entered
2022-05-12 20:05:614 INFO  RegistrationPage:129 - month entered
2022-05-12 20:05:893 INFO  RegistrationPage:145 - year entered
2022-05-12 20:05:988 INFO  RegistrationPage:157 - city entered
2022-05-12 20:05:93 INFO  RegistrationPage:173 - state entered California
2022-05-12 20:05:193 INFO  RegistrationPage:179 - zipcode entered
2022-05-12 20:05:303 INFO  RegistrationPage:185 - phonenumber entered
2022-05-12 20:05:653 INFO  RegistrationPage:191 - registrationButto clicked
2022-05-12 20:05:653 INFO  WaitHelper:22 - WaitHelper object created
2022-05-12 20:05:694 INFO  TestBase:161 - Capturing ui navigation screen
2022-05-12 20:05:847 INFO  WaitHelper:22 - WaitHelper object created
2022-05-12 20:05:875 INFO  TestBase:161 - Capturing ui navigation screen
2022-05-12 20:05:37 INFO  VerificationHelper:20 - Element is displayed Welcome to your account. Here you can manage all of your personal information and orders.
2022-05-12 20:05:39 INFO  ExtentListener:31 - testLoginApplication test passed
2022-05-12 20:05:83 INFO  ExtentListener:70 - RegistrationTest finished
2022-05-12 20:05:84 INFO  ExtentListener:63 - VerifyLowestFirstPriceSortTest started
2022-05-12 20:05:448 INFO  TestBase:133 - initialze webdriver: ChromeDriver: chrome on WINDOWS (e6fb66d73cb937161d05c51e7c320b21)
2022-05-12 20:05:448 INFO  WaitHelper:22 - WaitHelper object created
2022-05-12 20:05:452 INFO  WaitHelper:28 - Implicit Wait has been set to: 30
2022-05-12 20:05:452 INFO  WaitHelper:91 - Waiting for loading a page for: 30
2022-05-12 20:05:454 INFO  WaitHelper:93 - Page is loaded
2022-05-12 20:05:457 INFO  ExtentListener:24 - verifySortByLowestPricesFirst test started
2022-05-12 20:05:935 INFO  WaitHelper:22 - WaitHelper object created
2022-05-12 20:05:982 INFO  TestBase:161 - Capturing ui navigation screen
2022-05-12 20:05:257 INFO  NavigationMenu:54 - click on Product Category Menu
2022-05-12 20:05:107 INFO  WaitHelper:22 - WaitHelper object created
2022-05-12 20:05:142 INFO  TestBase:161 - Capturing ui navigation screen
2022-05-12 20:05:307 INFO  ProductCategoryPage:58 - product category page is created
2022-05-12 20:05:431 INFO  DropdownHelper:36 - Select by visible text
2022-05-12 20:05:520 INFO  ProductCategoryPage:154 - 16.40
2022-05-12 20:05:541 INFO  ProductCategoryPage:154 - 16.51
2022-05-12 20:05:558 INFO  ProductCategoryPage:154 - 26.00
2022-05-12 20:05:571 INFO  ProductCategoryPage:154 - 27.00
2022-05-12 20:05:584 INFO  ProductCategoryPage:154 - 28.98
2022-05-12 20:05:605 INFO  ProductCategoryPage:154 - 30.50
2022-05-12 20:05:627 INFO  ProductCategoryPage:154 - 50.99
2022-05-12 20:05:627 INFO  ProductCategoryPage:160 - [16, 16, 26, 27, 28, 30, 50]
2022-05-12 20:05:627 INFO  ProductCategoryPage:163 - 16 <= 16
2022-05-12 20:05:628 INFO  ProductCategoryPage:163 - 16 <= 26
2022-05-12 20:05:630 INFO  ProductCategoryPage:163 - 26 <= 27
2022-05-12 20:05:630 INFO  ProductCategoryPage:163 - 27 <= 28
2022-05-12 20:05:630 INFO  ProductCategoryPage:163 - 28 <= 30
2022-05-12 20:05:631 INFO  ProductCategoryPage:163 - 30 <= 50
2022-05-12 20:05:632 INFO  ExtentListener:31 - verifySortByLowestPricesFirst test passed
2022-05-12 20:05:439 INFO  ExtentListener:70 - VerifyLowestFirstPriceSortTest finished
2022-05-12 22:05:434 INFO  ExtentListener:63 - LoginTest started
2022-05-12 22:05:408 INFO  TestBase:147 - initialze webdriver: RemoteWebDriver: chrome on LINUX (e7797c57cd54979d0feb9c9b26f2d39a)
2022-05-12 22:05:410 INFO  WaitHelper:22 - WaitHelper object created
2022-05-12 22:05:487 INFO  WaitHelper:28 - Implicit Wait has been set to: 30
2022-05-12 22:05:487 INFO  WaitHelper:91 - Waiting for loading a page for: 30
2022-05-12 22:05:543 INFO  WaitHelper:93 - Page is loaded
2022-05-12 22:05:598 INFO  ExtentListener:24 - testLoginToApplication test started
2022-05-12 22:05:455 INFO  WaitHelper:22 - WaitHelper object created
2022-05-12 22:05:664 INFO  TestBase:175 - Capturing ui navigation screen
2022-05-12 22:05:177 INFO  LoginPage:54 - clicking on sign in link
2022-05-12 22:05:140 INFO  LoginPage:60 - Entering email address
2022-05-12 22:05:403 INFO  LoginPage:66 - Entering password
2022-05-12 22:05:616 INFO  LoginPage:72 - clicking on signin button
2022-05-12 22:05:617 INFO  JavaScriptHelper:15 - JavaScriptHelper has been initialised
2022-05-12 22:05:712 INFO  JavaScriptHelper:52 - Scrolling down vertically
2022-05-12 22:05:658 INFO  WaitHelper:22 - WaitHelper object created
2022-05-12 22:05:811 INFO  TestBase:175 - Capturing ui navigation screen
2022-05-12 22:05:32 INFO  LoginPage:103 - login to application completed and landed on account page
2022-05-12 22:05:161 INFO  LoginPage:80 - element is displaying Welcome to your account. Here you can manage all of your personal information and orders.
2022-05-12 22:05:484 INFO  VerificationHelper:20 - Element is displayed Welcome to your account. Here you can manage all of your personal information and orders.
2022-05-12 22:05:489 INFO  ExtentListener:31 - testLoginToApplication test passed
2022-05-12 22:05:80 INFO  ExtentListener:70 - LoginTest finished
2022-05-12 22:05:82 INFO  ExtentListener:63 - RegistrationTest started
2022-05-12 22:05:904 INFO  TestBase:147 - initialze webdriver: RemoteWebDriver: chrome on LINUX (827364d5fec6ed03f45313d22e990ae0)
2022-05-12 22:05:905 INFO  WaitHelper:22 - WaitHelper object created
2022-05-12 22:05:976 INFO  WaitHelper:28 - Implicit Wait has been set to: 30
2022-05-12 22:05:977 INFO  WaitHelper:91 - Waiting for loading a page for: 30
2022-05-12 22:05:14 INFO  WaitHelper:93 - Page is loaded
2022-05-12 22:05:18 INFO  ExtentListener:24 - testLoginApplication test started
2022-05-12 22:05:796 INFO  WaitHelper:22 - WaitHelper object created
2022-05-12 22:05:937 INFO  TestBase:175 - Capturing ui navigation screen
2022-05-12 22:05:370 INFO  LoginPage:54 - clicking on sign in link
2022-05-12 22:05:917 INFO  LoginPage:87 - entering registration email
2022-05-12 22:05:316 INFO  WaitHelper:22 - WaitHelper object created
2022-05-12 22:05:482 INFO  TestBase:175 - Capturing ui navigation screen
2022-05-12 22:05:751 INFO  RegistrationPage:73 - RegistrationPage created
2022-05-12 22:05:754 INFO  WaitHelper:22 - WaitHelper object created
2022-05-12 22:05:889 INFO  TestBase:175 - Capturing ui navigation screen
2022-05-12 22:05:250 INFO  RegistrationPage:73 - RegistrationPage created
2022-05-12 22:05:447 INFO  RegistrationPage:85 - firstName entered
2022-05-12 22:05:691 INFO  RegistrationPage:91 - lastName entered
2022-05-12 22:05:866 INFO  RegistrationPage:97 - password entered
2022-05-12 22:05:91 INFO  RegistrationPage:151 - address entered
2022-05-12 22:05:459 INFO  RegistrationPage:113 - day entered
2022-05-12 22:05:780 INFO  RegistrationPage:129 - month entered
2022-05-12 22:05:549 INFO  RegistrationPage:145 - year entered
2022-05-12 22:05:742 INFO  RegistrationPage:157 - city entered
2022-05-12 22:05:58 INFO  RegistrationPage:173 - state entered California
2022-05-12 22:05:239 INFO  RegistrationPage:179 - zipcode entered
2022-05-12 22:05:393 INFO  RegistrationPage:185 - phonenumber entered
2022-05-12 22:05:244 INFO  RegistrationPage:191 - registrationButto clicked
2022-05-12 22:05:245 INFO  WaitHelper:22 - WaitHelper object created
2022-05-12 22:05:338 INFO  TestBase:175 - Capturing ui navigation screen
2022-05-12 22:05:525 INFO  WaitHelper:22 - WaitHelper object created
2022-05-12 22:05:588 INFO  TestBase:175 - Capturing ui navigation screen
2022-05-12 22:05:924 INFO  VerificationHelper:20 - Element is displayed Welcome to your account. Here you can manage all of your personal information and orders.
2022-05-12 22:05:927 INFO  ExtentListener:31 - testLoginApplication test passed
2022-05-12 22:05:93 INFO  ExtentListener:70 - RegistrationTest finished
2022-05-12 22:05:95 INFO  ExtentListener:63 - VerifyLowestFirstPriceSortTest started
2022-05-12 22:05:825 INFO  TestBase:147 - initialze webdriver: RemoteWebDriver: chrome on LINUX (41d129451a8079437323753775f2cf06)
2022-05-12 22:05:825 INFO  WaitHelper:22 - WaitHelper object created
2022-05-12 22:05:843 INFO  WaitHelper:28 - Implicit Wait has been set to: 30
2022-05-12 22:05:843 INFO  WaitHelper:91 - Waiting for loading a page for: 30
2022-05-12 22:05:871 INFO  WaitHelper:93 - Page is loaded
2022-05-12 22:05:874 INFO  ExtentListener:24 - verifySortByLowestPricesFirst test started
2022-05-12 22:05:46 INFO  WaitHelper:22 - WaitHelper object created
2022-05-12 22:05:153 INFO  TestBase:175 - Capturing ui navigation screen
2022-05-12 22:05:608 INFO  NavigationMenu:54 - click on Product Category Menu
2022-05-12 22:05:215 INFO  WaitHelper:22 - WaitHelper object created
2022-05-12 22:05:300 INFO  TestBase:175 - Capturing ui navigation screen
2022-05-12 22:05:527 INFO  ProductCategoryPage:58 - product category page is created
2022-05-12 22:05:868 INFO  DropdownHelper:36 - Select by visible text
2022-05-12 22:05:969 INFO  ProductCategoryPage:154 - 16.40
2022-05-12 22:05:21 INFO  ProductCategoryPage:154 - 16.51
2022-05-12 22:05:65 INFO  ProductCategoryPage:154 - 26.00
2022-05-12 22:05:115 INFO  ProductCategoryPage:154 - 27.00
2022-05-12 22:05:184 INFO  ProductCategoryPage:154 - 28.98
2022-05-12 22:05:220 INFO  ProductCategoryPage:154 - 30.50
2022-05-12 22:05:278 INFO  ProductCategoryPage:154 - 50.99
2022-05-12 22:05:278 INFO  ProductCategoryPage:160 - [16, 16, 26, 27, 28, 30, 50]
2022-05-12 22:05:279 INFO  ProductCategoryPage:163 - 16 <= 16
2022-05-12 22:05:279 INFO  ProductCategoryPage:163 - 16 <= 26
2022-05-12 22:05:279 INFO  ProductCategoryPage:163 - 26 <= 27
2022-05-12 22:05:279 INFO  ProductCategoryPage:163 - 27 <= 28
2022-05-12 22:05:280 INFO  ProductCategoryPage:163 - 28 <= 30
2022-05-12 22:05:280 INFO  ProductCategoryPage:163 - 30 <= 50
2022-05-12 22:05:282 INFO  ExtentListener:31 - verifySortByLowestPricesFirst test passed
2022-05-12 22:05:431 INFO  ExtentListener:70 - VerifyLowestFirstPriceSortTest finished
2022-05-12 22:05:961 INFO  ExtentListener:63 - LoginTest started
2022-05-12 22:05:81 INFO  TestBase:147 - initialze webdriver: RemoteWebDriver: chrome on LINUX (58fdf6eb85dfbbdee933456771e05ff6)
2022-05-12 22:05:83 INFO  WaitHelper:22 - WaitHelper object created
2022-05-12 22:05:141 INFO  WaitHelper:28 - Implicit Wait has been set to: 30
2022-05-12 22:05:141 INFO  WaitHelper:91 - Waiting for loading a page for: 30
2022-05-12 22:05:169 INFO  WaitHelper:93 - Page is loaded
2022-05-12 22:05:225 INFO  ExtentListener:24 - testLoginToApplication test started
2022-05-12 22:05:655 INFO  WaitHelper:22 - WaitHelper object created
2022-05-12 22:05:803 INFO  TestBase:175 - Capturing ui navigation screen
2022-05-12 22:05:294 INFO  LoginPage:54 - clicking on sign in link
2022-05-12 22:05:112 INFO  LoginPage:60 - Entering email address
2022-05-12 22:05:398 INFO  LoginPage:66 - Entering password
2022-05-12 22:05:626 INFO  LoginPage:72 - clicking on signin button
2022-05-12 22:05:628 INFO  JavaScriptHelper:15 - JavaScriptHelper has been initialised
2022-05-12 22:05:675 INFO  JavaScriptHelper:52 - Scrolling down vertically
2022-05-12 22:05:477 INFO  WaitHelper:22 - WaitHelper object created
2022-05-12 22:05:584 INFO  TestBase:175 - Capturing ui navigation screen
2022-05-12 22:05:783 INFO  LoginPage:103 - login to application completed and landed on account page
2022-05-12 22:05:911 INFO  LoginPage:80 - element is displaying Welcome to your account. Here you can manage all of your personal information and orders.
2022-05-12 22:05:202 INFO  VerificationHelper:20 - Element is displayed Welcome to your account. Here you can manage all of your personal information and orders.
2022-05-12 22:05:209 INFO  ExtentListener:31 - testLoginToApplication test passed
2022-05-12 22:05:841 INFO  ExtentListener:70 - LoginTest finished
2022-05-12 22:05:844 INFO  ExtentListener:63 - RegistrationTest started
2022-05-12 22:05:878 INFO  TestBase:140 - Could not start a new session. Possible causes are invalid address of the remote server or browser start-up failure.
2022-05-12 22:05:915 INFO  ExtentListener:24 - testLoginApplication test started
2022-05-12 22:05:917 WARN  ExtentListener:45 - testLoginApplication test skipped java.lang.NullPointerException
2022-05-12 22:05:05 INFO  ExtentListener:70 - RegistrationTest finished
2022-05-12 22:05:07 INFO  ExtentListener:63 - VerifyLowestFirstPriceSortTest started
2022-05-12 22:05:28 INFO  TestBase:140 - Could not start a new session. Possible causes are invalid address of the remote server or browser start-up failure.
2022-05-12 22:05:73 INFO  ExtentListener:24 - verifySortByLowestPricesFirst test started
2022-05-12 22:05:77 WARN  ExtentListener:45 - verifySortByLowestPricesFirst test skipped java.lang.NullPointerException
2022-05-12 22:05:143 INFO  ExtentListener:70 - VerifyLowestFirstPriceSortTest finished
2022-05-12 23:05:382 INFO  ExtentListener:63 - LoginTest started
2022-05-12 23:05:47 INFO  TestBase:140 - Could not start a new session. Possible causes are invalid address of the remote server or browser start-up failure.
Build info: version: '4.1.2', revision: '9a5a329c5a'
System info: host: 'ZEESHANAHMED', ip: '10.0.75.1', os.name: 'Windows 10', os.arch: 'amd64', os.version: '10.0', java.version: '11.0.13'
Driver info: org.openqa.selenium.remote.RemoteWebDriver
Command: [null, newSession {capabilities=[Capabilities {browserName: chrome}], desiredCapabilities=Capabilities {browserName: chrome}}]
Capabilities {}
2022-05-12 23:05:107 INFO  ExtentListener:24 - testLoginToApplication test started
2022-05-12 23:05:116 WARN  ExtentListener:45 - testLoginToApplication test skipped java.lang.NullPointerException
2022-05-12 23:05:949 INFO  ExtentListener:70 - LoginTest finished
2022-05-12 23:05:953 INFO  ExtentListener:63 - RegistrationTest started
2022-05-12 23:05:608 INFO  TestBase:140 - Could not start a new session. Possible causes are invalid address of the remote server or browser start-up failure.
Build info: version: '4.1.2', revision: '9a5a329c5a'
System info: host: 'ZEESHANAHMED', ip: '10.0.75.1', os.name: 'Windows 10', os.arch: 'amd64', os.version: '10.0', java.version: '11.0.13'
Driver info: org.openqa.selenium.remote.RemoteWebDriver
Command: [null, newSession {capabilities=[Capabilities {browserName: chrome}], desiredCapabilities=Capabilities {browserName: chrome}}]
Capabilities {}
2022-05-12 23:05:623 INFO  ExtentListener:24 - testLoginApplication test started
2022-05-12 23:05:625 WARN  ExtentListener:45 - testLoginApplication test skipped java.lang.NullPointerException
2022-05-12 23:05:707 INFO  ExtentListener:70 - RegistrationTest finished
2022-05-12 23:05:708 INFO  ExtentListener:63 - VerifyLowestFirstPriceSortTest started
2022-05-12 23:05:604 INFO  TestBase:140 - Could not start a new session. Possible causes are invalid address of the remote server or browser start-up failure.
Build info: version: '4.1.2', revision: '9a5a329c5a'
System info: host: 'ZEESHANAHMED', ip: '10.0.75.1', os.name: 'Windows 10', os.arch: 'amd64', os.version: '10.0', java.version: '11.0.13'
Driver info: org.openqa.selenium.remote.RemoteWebDriver
Command: [null, newSession {capabilities=[Capabilities {browserName: chrome}], desiredCapabilities=Capabilities {browserName: chrome}}]
Capabilities {}
2022-05-12 23:05:617 INFO  ExtentListener:24 - verifySortByLowestPricesFirst test started
2022-05-12 23:05:619 WARN  ExtentListener:45 - verifySortByLowestPricesFirst test skipped java.lang.NullPointerException
2022-05-12 23:05:728 INFO  ExtentListener:70 - VerifyLowestFirstPriceSortTest finished
2022-05-12 23:05:235 INFO  ExtentListener:63 - LoginTest started
2022-05-12 23:05:832 INFO  TestBase:147 - initialze webdriver: RemoteWebDriver: chrome on LINUX (38d82f226be0457f3a8aa4493fb6d54e)
2022-05-12 23:05:834 INFO  WaitHelper:22 - WaitHelper object created
2022-05-12 23:05:895 INFO  WaitHelper:28 - Implicit Wait has been set to: 30
2022-05-12 23:05:895 INFO  WaitHelper:91 - Waiting for loading a page for: 30
2022-05-12 23:05:923 INFO  WaitHelper:93 - Page is loaded
2022-05-12 23:05:969 INFO  ExtentListener:24 - testLoginToApplication test started
2022-05-12 23:05:976 INFO  WaitHelper:22 - WaitHelper object created
2022-05-12 23:05:186 INFO  TestBase:175 - Capturing ui navigation screen
2022-05-12 23:05:577 INFO  LoginPage:54 - clicking on sign in link
2022-05-12 23:05:18 INFO  LoginPage:60 - Entering email address
2022-05-12 23:05:295 INFO  LoginPage:66 - Entering password
2022-05-12 23:05:492 INFO  LoginPage:72 - clicking on signin button
2022-05-12 23:05:494 INFO  JavaScriptHelper:15 - JavaScriptHelper has been initialised
2022-05-12 23:05:551 INFO  JavaScriptHelper:52 - Scrolling down vertically
2022-05-12 23:05:480 INFO  WaitHelper:22 - WaitHelper object created
2022-05-12 23:05:597 INFO  TestBase:175 - Capturing ui navigation screen
2022-05-12 23:05:772 INFO  LoginPage:103 - login to application completed and landed on account page
2022-05-12 23:05:900 INFO  LoginPage:80 - element is displaying Welcome to your account. Here you can manage all of your personal information and orders.
2022-05-12 23:05:269 INFO  VerificationHelper:20 - Element is displayed Welcome to your account. Here you can manage all of your personal information and orders.
2022-05-12 23:05:275 INFO  ExtentListener:31 - testLoginToApplication test passed
2022-05-12 23:05:251 INFO  ExtentListener:70 - LoginTest finished
2022-05-12 23:05:253 INFO  ExtentListener:63 - RegistrationTest started
2022-05-12 23:05:26 INFO  TestBase:147 - initialze webdriver: RemoteWebDriver: chrome on LINUX (80eeee92e52e5ef8bf9cbb23082db24f)
2022-05-12 23:05:27 INFO  WaitHelper:22 - WaitHelper object created
2022-05-12 23:05:81 INFO  WaitHelper:28 - Implicit Wait has been set to: 30
2022-05-12 23:05:81 INFO  WaitHelper:91 - Waiting for loading a page for: 30
2022-05-12 23:05:111 INFO  WaitHelper:93 - Page is loaded
2022-05-12 23:05:115 INFO  ExtentListener:24 - testLoginApplication test started
2022-05-13 00:05:805 INFO  WaitHelper:22 - WaitHelper object created
2022-05-13 00:05:119 INFO  TestBase:175 - Capturing ui navigation screen
2022-05-13 00:05:418 INFO  LoginPage:54 - clicking on sign in link
2022-05-13 00:05:836 INFO  LoginPage:87 - entering registration email
2022-05-13 00:05:253 INFO  WaitHelper:22 - WaitHelper object created
2022-05-13 00:05:537 INFO  TestBase:175 - Capturing ui navigation screen
2022-05-13 00:05:680 INFO  RegistrationPage:73 - RegistrationPage created
2022-05-13 00:05:681 INFO  WaitHelper:22 - WaitHelper object created
2022-05-13 00:05:781 INFO  TestBase:175 - Capturing ui navigation screen
2022-05-13 00:05:992 INFO  RegistrationPage:73 - RegistrationPage created
2022-05-13 00:05:357 INFO  RegistrationPage:85 - firstName entered
2022-05-13 00:05:613 INFO  RegistrationPage:91 - lastName entered
2022-05-13 00:05:805 INFO  RegistrationPage:97 - password entered
2022-05-13 00:05:41 INFO  RegistrationPage:151 - address entered
2022-05-13 00:05:483 INFO  RegistrationPage:113 - day entered
2022-05-13 00:05:09 INFO  RegistrationPage:129 - month entered
2022-05-13 00:05:775 INFO  RegistrationPage:145 - year entered
2022-05-13 00:05:972 INFO  RegistrationPage:157 - city entered
2022-05-13 00:05:199 INFO  RegistrationPage:173 - state entered California
2022-05-13 00:05:355 INFO  RegistrationPage:179 - zipcode entered
2022-05-13 00:05:565 INFO  RegistrationPage:185 - phonenumber entered
2022-05-13 00:05:915 INFO  RegistrationPage:191 - registrationButto clicked
2022-05-13 00:05:916 INFO  WaitHelper:22 - WaitHelper object created
2022-05-13 00:05:125 INFO  Retry:18 - Retrying test testLoginApplication with status FAILURE for the 1 times
2022-05-13 00:05:135 WARN  ExtentListener:45 - testLoginApplication test skipped org.openqa.selenium.TimeoutException: Expected condition failed: waiting for visibility of Proxy element for: DefaultElementLocator 'By.xpath: //*[@id="center_column"]/p' (tried for 30 second(s) with 500 milliseconds interval)
2022-05-13 00:05:196 INFO  ExtentListener:24 - testLoginApplication test started
2022-05-13 00:05:314 INFO  WaitHelper:22 - WaitHelper object created
2022-05-13 00:05:407 INFO  Retry:18 - Retrying test testLoginApplication with status FAILURE for the 2 times
2022-05-13 00:05:412 WARN  ExtentListener:45 - testLoginApplication test skipped org.openqa.selenium.TimeoutException: Expected condition failed: waiting for visibility of Proxy element for: DefaultElementLocator 'By.xpath: //a[contains(text(),'Sign in')]' (tried for 30 second(s) with 500 milliseconds interval)
2022-05-13 00:05:465 INFO  ExtentListener:24 - testLoginApplication test started
2022-05-13 00:05:398 INFO  WaitHelper:22 - WaitHelper object created
2022-05-13 00:05:560 INFO  Retry:18 - Retrying test testLoginApplication with status FAILURE for the 3 times
2022-05-13 00:05:564 WARN  ExtentListener:45 - testLoginApplication test skipped org.openqa.selenium.TimeoutException: Expected condition failed: waiting for visibility of Proxy element for: DefaultElementLocator 'By.xpath: //a[contains(text(),'Sign in')]' (tried for 30 second(s) with 500 milliseconds interval)
2022-05-13 00:05:606 INFO  ExtentListener:24 - testLoginApplication test started
2022-05-13 00:05:915 INFO  WaitHelper:22 - WaitHelper object created
2022-05-13 00:05:35 ERROR ExtentListener:38 - testLoginApplication test falied org.openqa.selenium.TimeoutException: Expected condition failed: waiting for visibility of Proxy element for: DefaultElementLocator 'By.xpath: //a[contains(text(),'Sign in')]' (tried for 30 second(s) with 500 milliseconds interval)
2022-05-13 00:05:270 INFO  ExtentListener:70 - RegistrationTest finished
2022-05-13 00:05:271 INFO  ExtentListener:63 - VerifyLowestFirstPriceSortTest started
2022-05-13 00:05:74 INFO  TestBase:147 - initialze webdriver: RemoteWebDriver: chrome on LINUX (e9979e0ab465cd3ea69c0075f57ef1ff)
2022-05-13 00:05:74 INFO  WaitHelper:22 - WaitHelper object created
2022-05-13 00:05:109 INFO  WaitHelper:28 - Implicit Wait has been set to: 30
2022-05-13 00:05:110 INFO  WaitHelper:91 - Waiting for loading a page for: 30
2022-05-13 00:05:130 INFO  WaitHelper:93 - Page is loaded
2022-05-13 00:05:133 INFO  ExtentListener:24 - verifySortByLowestPricesFirst test started
2022-05-13 00:05:800 INFO  WaitHelper:22 - WaitHelper object created
2022-05-13 00:05:904 INFO  TestBase:175 - Capturing ui navigation screen
2022-05-13 00:05:179 INFO  NavigationMenu:54 - click on Product Category Menu
2022-05-13 00:05:65 INFO  WaitHelper:22 - WaitHelper object created
2022-05-13 00:05:149 INFO  TestBase:175 - Capturing ui navigation screen
2022-05-13 00:05:329 INFO  ProductCategoryPage:58 - product category page is created
2022-05-13 00:05:675 INFO  DropdownHelper:36 - Select by visible text
2022-05-13 00:05:770 INFO  ProductCategoryPage:154 - 16.40
2022-05-13 00:05:811 INFO  ProductCategoryPage:154 - 16.51
2022-05-13 00:05:838 INFO  ProductCategoryPage:154 - 26.00
2022-05-13 00:05:871 INFO  ProductCategoryPage:154 - 27.00
2022-05-13 00:05:897 INFO  ProductCategoryPage:154 - 28.98
2022-05-13 00:05:937 INFO  ProductCategoryPage:154 - 30.50
2022-05-13 00:05:967 INFO  ProductCategoryPage:154 - 50.99
2022-05-13 00:05:968 INFO  ProductCategoryPage:160 - [16, 16, 26, 27, 28, 30, 50]
2022-05-13 00:05:968 INFO  ProductCategoryPage:163 - 16 <= 16
2022-05-13 00:05:969 INFO  ProductCategoryPage:163 - 16 <= 26
2022-05-13 00:05:969 INFO  ProductCategoryPage:163 - 26 <= 27
2022-05-13 00:05:969 INFO  ProductCategoryPage:163 - 27 <= 28
2022-05-13 00:05:969 INFO  ProductCategoryPage:163 - 28 <= 30
2022-05-13 00:05:969 INFO  ProductCategoryPage:163 - 30 <= 50
2022-05-13 00:05:976 INFO  ExtentListener:31 - verifySortByLowestPricesFirst test passed
2022-05-13 00:05:135 INFO  ExtentListener:70 - VerifyLowestFirstPriceSortTest finished
2022-05-13 00:05:873 INFO  ExtentListener:63 - LoginTest started
2022-05-13 00:05:592 INFO  TestBase:147 - initialze webdriver: RemoteWebDriver: chrome on LINUX (525a7da77fcde34d41ea39ae2b174e14)
2022-05-13 00:05:594 INFO  WaitHelper:22 - WaitHelper object created
2022-05-13 00:05:630 INFO  WaitHelper:28 - Implicit Wait has been set to: 30
2022-05-13 00:05:631 INFO  WaitHelper:91 - Waiting for loading a page for: 30
2022-05-13 00:05:655 INFO  WaitHelper:93 - Page is loaded
2022-05-13 00:05:704 INFO  ExtentListener:24 - testLoginToApplication test started
2022-05-13 00:05:914 INFO  WaitHelper:22 - WaitHelper object created
2022-05-13 00:05:90 INFO  TestBase:175 - Capturing ui navigation screen
2022-05-13 00:05:581 INFO  LoginPage:54 - clicking on sign in link
2022-05-13 00:05:606 INFO  LoginPage:60 - Entering email address
2022-05-13 00:05:855 INFO  LoginPage:66 - Entering password
2022-05-13 00:05:77 INFO  LoginPage:72 - clicking on signin button
2022-05-13 00:05:78 INFO  JavaScriptHelper:15 - JavaScriptHelper has been initialised
2022-05-13 00:05:120 INFO  JavaScriptHelper:52 - Scrolling down vertically
2022-05-13 00:05:842 INFO  WaitHelper:22 - WaitHelper object created
2022-05-13 00:05:965 INFO  TestBase:175 - Capturing ui navigation screen
2022-05-13 00:05:190 INFO  LoginPage:103 - login to application completed and landed on account page
2022-05-13 00:05:291 INFO  LoginPage:80 - element is displaying Welcome to your account. Here you can manage all of your personal information and orders.
2022-05-13 00:05:621 INFO  VerificationHelper:20 - Element is displayed Welcome to your account. Here you can manage all of your personal information and orders.
2022-05-13 00:05:632 INFO  ExtentListener:31 - testLoginToApplication test passed
2022-05-13 00:05:461 INFO  ExtentListener:70 - LoginTest finished
2022-05-13 00:05:464 INFO  ExtentListener:63 - RegistrationTest started
2022-05-13 00:05:219 INFO  TestBase:147 - initialze webdriver: RemoteWebDriver: chrome on LINUX (9e6db934883e329404942f6c93d28683)
2022-05-13 00:05:220 INFO  WaitHelper:22 - WaitHelper object created
2022-05-13 00:05:336 INFO  WaitHelper:28 - Implicit Wait has been set to: 30
2022-05-13 00:05:337 INFO  WaitHelper:91 - Waiting for loading a page for: 30
2022-05-13 00:05:383 INFO  WaitHelper:93 - Page is loaded
2022-05-13 00:05:387 INFO  ExtentListener:24 - testLoginApplication test started
2022-05-13 00:05:621 INFO  WaitHelper:22 - WaitHelper object created
2022-05-13 00:05:751 INFO  TestBase:175 - Capturing ui navigation screen
2022-05-13 00:05:212 INFO  LoginPage:54 - clicking on sign in link
2022-05-13 00:05:32 INFO  LoginPage:87 - entering registration email
2022-05-13 00:05:465 INFO  WaitHelper:22 - WaitHelper object created
2022-05-13 00:05:506 INFO  TestBase:175 - Capturing ui navigation screen
2022-05-13 00:05:691 INFO  RegistrationPage:73 - RegistrationPage created
2022-05-13 00:05:692 INFO  WaitHelper:22 - WaitHelper object created
2022-05-13 00:05:800 INFO  TestBase:175 - Capturing ui navigation screen
2022-05-13 00:05:133 INFO  RegistrationPage:73 - RegistrationPage created
2022-05-13 00:05:403 INFO  RegistrationPage:85 - firstName entered
2022-05-13 00:05:564 INFO  RegistrationPage:91 - lastName entered
2022-05-13 00:05:792 INFO  RegistrationPage:97 - password entered
2022-05-13 00:05:13 INFO  RegistrationPage:151 - address entered
2022-05-13 00:05:328 INFO  RegistrationPage:113 - day entered
2022-05-13 00:05:666 INFO  RegistrationPage:129 - month entered
2022-05-13 00:05:329 INFO  RegistrationPage:145 - year entered
2022-05-13 00:05:522 INFO  RegistrationPage:157 - city entered
2022-05-13 00:05:783 INFO  RegistrationPage:173 - state entered California
2022-05-13 00:05:927 INFO  RegistrationPage:179 - zipcode entered
2022-05-13 00:05:127 INFO  RegistrationPage:185 - phonenumber entered
2022-05-13 00:05:347 INFO  RegistrationPage:191 - registrationButto clicked
2022-05-13 00:05:348 INFO  WaitHelper:22 - WaitHelper object created
2022-05-13 00:05:493 INFO  TestBase:175 - Capturing ui navigation screen
2022-05-13 00:05:668 INFO  WaitHelper:22 - WaitHelper object created
2022-05-13 00:05:766 INFO  TestBase:175 - Capturing ui navigation screen
2022-05-13 00:05:113 INFO  VerificationHelper:20 - Element is displayed Welcome to your account. Here you can manage all of your personal information and orders.
2022-05-13 00:05:118 INFO  ExtentListener:31 - testLoginApplication test passed
2022-05-13 00:05:325 INFO  ExtentListener:70 - RegistrationTest finished
2022-05-13 00:05:326 INFO  ExtentListener:63 - VerifyLowestFirstPriceSortTest started
2022-05-13 00:05:82 INFO  TestBase:147 - initialze webdriver: RemoteWebDriver: chrome on LINUX (1b7083cd4217a1581976ee297fd3d958)
2022-05-13 00:05:82 INFO  WaitHelper:22 - WaitHelper object created
2022-05-13 00:05:106 INFO  WaitHelper:28 - Implicit Wait has been set to: 30
2022-05-13 00:05:107 INFO  WaitHelper:91 - Waiting for loading a page for: 30
2022-05-13 00:05:148 INFO  WaitHelper:93 - Page is loaded
2022-05-13 00:05:154 INFO  ExtentListener:24 - verifySortByLowestPricesFirst test started
2022-05-13 00:05:299 INFO  WaitHelper:22 - WaitHelper object created
2022-05-13 00:05:386 INFO  TestBase:175 - Capturing ui navigation screen
2022-05-13 00:05:861 INFO  NavigationMenu:54 - click on Product Category Menu
2022-05-13 00:05:207 INFO  WaitHelper:22 - WaitHelper object created
2022-05-13 00:05:283 INFO  TestBase:175 - Capturing ui navigation screen
2022-05-13 00:05:548 INFO  ProductCategoryPage:58 - product category page is created
2022-05-13 00:05:958 INFO  DropdownHelper:36 - Select by visible text
2022-05-13 00:05:104 INFO  ProductCategoryPage:154 - 16.40
2022-05-13 00:05:146 INFO  ProductCategoryPage:154 - 16.51
2022-05-13 00:05:283 INFO  ProductCategoryPage:154 - 26.00
2022-05-13 00:05:313 INFO  ProductCategoryPage:154 - 27.00
2022-05-13 00:05:352 INFO  ProductCategoryPage:154 - 28.98
2022-05-13 00:05:408 INFO  ProductCategoryPage:154 - 30.50
2022-05-13 00:05:437 INFO  ProductCategoryPage:154 - 50.99
2022-05-13 00:05:437 INFO  ProductCategoryPage:160 - [16, 16, 26, 27, 28, 30, 50]
2022-05-13 00:05:438 INFO  ProductCategoryPage:163 - 16 <= 16
2022-05-13 00:05:438 INFO  ProductCategoryPage:163 - 16 <= 26
2022-05-13 00:05:438 INFO  ProductCategoryPage:163 - 26 <= 27
2022-05-13 00:05:439 INFO  ProductCategoryPage:163 - 27 <= 28
2022-05-13 00:05:439 INFO  ProductCategoryPage:163 - 28 <= 30
2022-05-13 00:05:439 INFO  ProductCategoryPage:163 - 30 <= 50
2022-05-13 00:05:443 INFO  ExtentListener:31 - verifySortByLowestPricesFirst test passed
2022-05-13 00:05:625 INFO  ExtentListener:70 - VerifyLowestFirstPriceSortTest finished
2022-05-13 00:05:445 INFO  ExtentListener:63 - LoginTest started
2022-05-13 00:05:884 INFO  TestBase:147 - initialze webdriver: RemoteWebDriver: chrome on LINUX (6b3f70f77475b5fb66d019df8e18b6ba)
2022-05-13 00:05:886 INFO  WaitHelper:22 - WaitHelper object created
2022-05-13 00:05:949 INFO  WaitHelper:28 - Implicit Wait has been set to: 30
2022-05-13 00:05:950 INFO  WaitHelper:91 - Waiting for loading a page for: 30
2022-05-13 00:05:989 INFO  WaitHelper:93 - Page is loaded
2022-05-13 00:05:49 INFO  ExtentListener:24 - testLoginToApplication test started
2022-05-13 00:05:851 INFO  WaitHelper:22 - WaitHelper object created
2022-05-13 00:05:116 INFO  TestBase:175 - Capturing ui navigation screen
2022-05-13 00:05:866 INFO  LoginPage:54 - clicking on sign in link
2022-05-13 00:05:838 INFO  LoginPage:60 - Entering email address
2022-05-13 00:05:126 INFO  LoginPage:66 - Entering password
2022-05-13 00:05:368 INFO  LoginPage:72 - clicking on signin button
2022-05-13 00:05:370 INFO  JavaScriptHelper:15 - JavaScriptHelper has been initialised
2022-05-13 00:05:450 INFO  JavaScriptHelper:52 - Scrolling down vertically
2022-05-13 00:05:875 INFO  WaitHelper:22 - WaitHelper object created
2022-05-13 00:05:64 INFO  TestBase:175 - Capturing ui navigation screen
2022-05-13 00:05:290 INFO  LoginPage:103 - login to application completed and landed on account page
2022-05-13 00:05:415 INFO  LoginPage:80 - element is displaying Welcome to your account. Here you can manage all of your personal information and orders.
2022-05-13 00:05:730 INFO  VerificationHelper:20 - Element is displayed Welcome to your account. Here you can manage all of your personal information and orders.
2022-05-13 00:05:736 INFO  ExtentListener:31 - testLoginToApplication test passed
2022-05-13 00:05:617 INFO  ExtentListener:70 - LoginTest finished
2022-05-13 00:05:619 INFO  ExtentListener:63 - RegistrationTest started
2022-05-13 00:05:511 INFO  TestBase:147 - initialze webdriver: RemoteWebDriver: chrome on LINUX (ae0fba4300068c72a6241c47334df0eb)
2022-05-13 00:05:512 INFO  WaitHelper:22 - WaitHelper object created
2022-05-13 00:05:576 INFO  WaitHelper:28 - Implicit Wait has been set to: 30
2022-05-13 00:05:577 INFO  WaitHelper:91 - Waiting for loading a page for: 30
2022-05-13 00:05:609 INFO  WaitHelper:93 - Page is loaded
2022-05-13 00:05:613 INFO  ExtentListener:24 - testLoginApplication test started
2022-05-13 00:05:429 INFO  WaitHelper:22 - WaitHelper object created
2022-05-13 00:05:614 INFO  TestBase:175 - Capturing ui navigation screen
2022-05-13 00:05:91 INFO  LoginPage:54 - clicking on sign in link
2022-05-13 00:05:352 INFO  LoginPage:87 - entering registration email
2022-05-13 00:05:858 INFO  WaitHelper:22 - WaitHelper object created
2022-05-13 00:05:596 INFO  TestBase:175 - Capturing ui navigation screen
2022-05-13 00:05:919 INFO  RegistrationPage:73 - RegistrationPage created
2022-05-13 00:05:920 INFO  WaitHelper:22 - WaitHelper object created
2022-05-13 00:05:238 INFO  TestBase:175 - Capturing ui navigation screen
2022-05-13 00:05:477 INFO  RegistrationPage:73 - RegistrationPage created
2022-05-13 00:05:694 INFO  RegistrationPage:85 - firstName entered
2022-05-13 00:05:991 INFO  RegistrationPage:91 - lastName entered
2022-05-13 00:05:200 INFO  RegistrationPage:97 - password entered
2022-05-13 00:05:454 INFO  RegistrationPage:151 - address entered
2022-05-13 00:05:834 INFO  RegistrationPage:113 - day entered
2022-05-13 00:05:247 INFO  RegistrationPage:129 - month entered
2022-05-13 00:05:981 INFO  RegistrationPage:145 - year entered
2022-05-13 00:05:155 INFO  RegistrationPage:157 - city entered
2022-05-13 00:05:450 INFO  RegistrationPage:173 - state entered California
2022-05-13 00:05:641 INFO  RegistrationPage:179 - zipcode entered
2022-05-13 00:05:814 INFO  RegistrationPage:185 - phonenumber entered
2022-05-13 00:05:954 INFO  RegistrationPage:191 - registrationButto clicked
2022-05-13 00:05:954 INFO  WaitHelper:22 - WaitHelper object created
2022-05-13 00:05:131 INFO  TestBase:175 - Capturing ui navigation screen
2022-05-13 00:05:322 INFO  WaitHelper:22 - WaitHelper object created
2022-05-13 00:05:394 INFO  TestBase:175 - Capturing ui navigation screen
2022-05-13 00:05:725 INFO  VerificationHelper:20 - Element is displayed Welcome to your account. Here you can manage all of your personal information and orders.
2022-05-13 00:05:732 INFO  ExtentListener:31 - testLoginApplication test passed
2022-05-13 00:05:920 INFO  ExtentListener:70 - RegistrationTest finished
2022-05-13 00:05:921 INFO  ExtentListener:63 - VerifyLowestFirstPriceSortTest started
2022-05-13 00:05:685 INFO  TestBase:147 - initialze webdriver: RemoteWebDriver: chrome on LINUX (a65e20adec51ffc740b284c83461b6c2)
2022-05-13 00:05:685 INFO  WaitHelper:22 - WaitHelper object created
2022-05-13 00:05:705 INFO  WaitHelper:28 - Implicit Wait has been set to: 30
2022-05-13 00:05:705 INFO  WaitHelper:91 - Waiting for loading a page for: 30
2022-05-13 00:05:743 INFO  WaitHelper:93 - Page is loaded
2022-05-13 00:05:755 INFO  ExtentListener:24 - verifySortByLowestPricesFirst test started
2022-05-13 00:05:330 INFO  WaitHelper:22 - WaitHelper object created
2022-05-13 00:05:474 INFO  TestBase:175 - Capturing ui navigation screen
2022-05-13 00:05:948 INFO  NavigationMenu:54 - click on Product Category Menu
2022-05-13 00:05:444 INFO  WaitHelper:22 - WaitHelper object created
2022-05-13 00:05:560 INFO  TestBase:175 - Capturing ui navigation screen
2022-05-13 00:05:804 INFO  ProductCategoryPage:58 - product category page is created
2022-05-13 00:05:147 INFO  DropdownHelper:36 - Select by visible text
2022-05-13 00:05:219 INFO  ProductCategoryPage:154 - 16.40
2022-05-13 00:05:253 INFO  ProductCategoryPage:154 - 16.51
2022-05-13 00:05:295 INFO  ProductCategoryPage:154 - 26.00
2022-05-13 00:05:324 INFO  ProductCategoryPage:154 - 27.00
2022-05-13 00:05:373 INFO  ProductCategoryPage:154 - 28.98
2022-05-13 00:05:404 INFO  ProductCategoryPage:154 - 30.50
2022-05-13 00:05:438 INFO  ProductCategoryPage:154 - 50.99
2022-05-13 00:05:438 INFO  ProductCategoryPage:160 - [16, 16, 26, 27, 28, 30, 50]
2022-05-13 00:05:439 INFO  ProductCategoryPage:163 - 16 <= 16
2022-05-13 00:05:439 INFO  ProductCategoryPage:163 - 16 <= 26
2022-05-13 00:05:439 INFO  ProductCategoryPage:163 - 26 <= 27
2022-05-13 00:05:440 INFO  ProductCategoryPage:163 - 27 <= 28
2022-05-13 00:05:440 INFO  ProductCategoryPage:163 - 28 <= 30
2022-05-13 00:05:440 INFO  ProductCategoryPage:163 - 30 <= 50
2022-05-13 00:05:443 INFO  ExtentListener:31 - verifySortByLowestPricesFirst test passed
2022-05-13 00:05:615 INFO  ExtentListener:70 - VerifyLowestFirstPriceSortTest finished
2022-05-13 03:05:837 INFO  ExtentListener:63 - LoginTest started
2022-05-13 03:05:932 INFO  TestBase:147 - initialze webdriver: RemoteWebDriver: chrome on LINUX (5cf0ad5bc43bd8c6f3db1d36a0ab2fc6)
2022-05-13 03:05:933 INFO  WaitHelper:22 - WaitHelper object created
2022-05-13 03:05:960 INFO  WaitHelper:28 - Implicit Wait has been set to: 30
2022-05-13 03:05:961 INFO  WaitHelper:91 - Waiting for loading a page for: 30
2022-05-13 03:05:976 INFO  WaitHelper:93 - Page is loaded
2022-05-13 03:05:27 INFO  ExtentListener:24 - testLoginToApplication test started
2022-05-13 03:05:02 INFO  WaitHelper:22 - WaitHelper object created
2022-05-13 03:05:140 INFO  TestBase:175 - Capturing ui navigation screen
2022-05-13 03:05:743 INFO  LoginPage:54 - clicking on sign in link
2022-05-13 03:05:280 INFO  LoginPage:60 - Entering email address
2022-05-13 03:05:503 INFO  LoginPage:66 - Entering password
2022-05-13 03:05:743 INFO  LoginPage:72 - clicking on signin button
2022-05-13 03:05:746 INFO  JavaScriptHelper:15 - JavaScriptHelper has been initialised
2022-05-13 03:05:790 INFO  JavaScriptHelper:52 - Scrolling down vertically
2022-05-13 03:05:795 INFO  WaitHelper:22 - WaitHelper object created
2022-05-13 03:05:892 INFO  TestBase:175 - Capturing ui navigation screen
2022-05-13 03:05:87 INFO  LoginPage:103 - login to application completed and landed on account page
2022-05-13 03:05:155 INFO  LoginPage:80 - element is displaying Welcome to your account. Here you can manage all of your personal information and orders.
2022-05-13 03:05:362 INFO  VerificationHelper:20 - Element is displayed Welcome to your account. Here you can manage all of your personal information and orders.
2022-05-13 03:05:370 INFO  ExtentListener:31 - testLoginToApplication test passed
2022-05-13 03:05:223 INFO  ExtentListener:70 - LoginTest finished
2022-05-13 03:05:226 INFO  ExtentListener:63 - RegistrationTest started
2022-05-13 03:05:112 INFO  TestBase:147 - initialze webdriver: RemoteWebDriver: chrome on LINUX (b6e76bbc8a703932217553d3dc9fb330)
2022-05-13 03:05:112 INFO  WaitHelper:22 - WaitHelper object created
2022-05-13 03:05:141 INFO  WaitHelper:28 - Implicit Wait has been set to: 30
2022-05-13 03:05:141 INFO  WaitHelper:91 - Waiting for loading a page for: 30
2022-05-13 03:05:166 INFO  WaitHelper:93 - Page is loaded
2022-05-13 03:05:170 INFO  ExtentListener:24 - testLoginApplication test started
2022-05-13 03:05:105 INFO  WaitHelper:22 - WaitHelper object created
2022-05-13 03:05:190 INFO  TestBase:175 - Capturing ui navigation screen
2022-05-13 03:05:759 INFO  LoginPage:54 - clicking on sign in link
2022-05-13 03:05:248 INFO  LoginPage:87 - entering registration email
2022-05-13 03:05:655 INFO  WaitHelper:22 - WaitHelper object created
2022-05-13 03:05:657 INFO  TestBase:175 - Capturing ui navigation screen
2022-05-13 03:05:980 INFO  RegistrationPage:73 - RegistrationPage created
2022-05-13 03:05:982 INFO  WaitHelper:22 - WaitHelper object created
2022-05-13 03:05:98 INFO  TestBase:175 - Capturing ui navigation screen
2022-05-13 03:05:465 INFO  RegistrationPage:73 - RegistrationPage created
2022-05-13 03:05:613 INFO  RegistrationPage:85 - firstName entered
2022-05-13 03:05:868 INFO  RegistrationPage:91 - lastName entered
2022-05-13 03:05:20 INFO  RegistrationPage:97 - password entered
2022-05-13 03:05:242 INFO  RegistrationPage:151 - address entered
2022-05-13 03:05:542 INFO  RegistrationPage:113 - day entered
2022-05-13 03:05:819 INFO  RegistrationPage:129 - month entered
2022-05-13 03:05:385 INFO  RegistrationPage:145 - year entered
2022-05-13 03:05:551 INFO  RegistrationPage:157 - city entered
2022-05-13 03:05:795 INFO  RegistrationPage:173 - state entered California
2022-05-13 03:05:924 INFO  RegistrationPage:179 - zipcode entered
2022-05-13 03:05:110 INFO  RegistrationPage:185 - phonenumber entered
2022-05-13 03:05:189 INFO  RegistrationPage:191 - registrationButto clicked
2022-05-13 03:05:190 INFO  WaitHelper:22 - WaitHelper object created
2022-05-13 03:05:347 INFO  TestBase:175 - Capturing ui navigation screen
2022-05-13 03:05:552 INFO  WaitHelper:22 - WaitHelper object created
2022-05-13 03:05:663 INFO  TestBase:175 - Capturing ui navigation screen
2022-05-13 03:05:12 INFO  VerificationHelper:20 - Element is displayed Welcome to your account. Here you can manage all of your personal information and orders.
2022-05-13 03:05:13 INFO  ExtentListener:31 - testLoginApplication test passed
2022-05-13 03:05:206 INFO  ExtentListener:70 - RegistrationTest finished
2022-05-13 03:05:209 INFO  ExtentListener:63 - VerifyLowestFirstPriceSortTest started
2022-05-13 03:05:22 INFO  TestBase:147 - initialze webdriver: RemoteWebDriver: chrome on LINUX (f1a2d69ee23c8f7b4556ebdb94986ed4)
2022-05-13 03:05:22 INFO  WaitHelper:22 - WaitHelper object created
2022-05-13 03:05:69 INFO  WaitHelper:28 - Implicit Wait has been set to: 30
2022-05-13 03:05:69 INFO  WaitHelper:91 - Waiting for loading a page for: 30
2022-05-13 03:05:115 INFO  WaitHelper:93 - Page is loaded
2022-05-13 03:05:132 INFO  ExtentListener:24 - verifySortByLowestPricesFirst test started
2022-05-13 03:05:742 INFO  WaitHelper:22 - WaitHelper object created
2022-05-13 03:05:821 INFO  TestBase:175 - Capturing ui navigation screen
2022-05-13 03:05:249 INFO  NavigationMenu:54 - click on Product Category Menu
2022-05-13 03:05:709 INFO  WaitHelper:22 - WaitHelper object created
2022-05-13 03:05:776 INFO  TestBase:175 - Capturing ui navigation screen
2022-05-13 03:05:41 INFO  ProductCategoryPage:58 - product category page is created
2022-05-13 03:05:299 INFO  DropdownHelper:36 - Select by visible text
2022-05-13 03:05:400 INFO  ProductCategoryPage:154 - 16.40
2022-05-13 03:05:439 INFO  ProductCategoryPage:154 - 16.51
2022-05-13 03:05:472 INFO  ProductCategoryPage:154 - 26.00
2022-05-13 03:05:500 INFO  ProductCategoryPage:154 - 27.00
2022-05-13 03:05:528 INFO  ProductCategoryPage:154 - 28.98
2022-05-13 03:05:555 INFO  ProductCategoryPage:154 - 30.50
2022-05-13 03:05:625 INFO  ProductCategoryPage:154 - 50.99
2022-05-13 03:05:626 INFO  ProductCategoryPage:160 - [16, 16, 26, 27, 28, 30, 50]
2022-05-13 03:05:627 INFO  ProductCategoryPage:163 - 16 <= 16
2022-05-13 03:05:628 INFO  ProductCategoryPage:163 - 16 <= 26
2022-05-13 03:05:628 INFO  ProductCategoryPage:163 - 26 <= 27
2022-05-13 03:05:630 INFO  ProductCategoryPage:163 - 27 <= 28
2022-05-13 03:05:633 INFO  ProductCategoryPage:163 - 28 <= 30
2022-05-13 03:05:634 INFO  ProductCategoryPage:163 - 30 <= 50
2022-05-13 03:05:638 INFO  ExtentListener:31 - verifySortByLowestPricesFirst test passed
2022-05-13 03:05:818 INFO  ExtentListener:70 - VerifyLowestFirstPriceSortTest finished
2022-05-13 03:05:597 INFO  ExtentListener:63 - LoginTest started
2022-05-13 03:05:194 INFO  TestBase:147 - initialze webdriver: RemoteWebDriver: chrome on LINUX (fb544b38dddc732e38e4d1ce1c76256f)
2022-05-13 03:05:196 INFO  WaitHelper:22 - WaitHelper object created
2022-05-13 03:05:223 INFO  WaitHelper:28 - Implicit Wait has been set to: 30
2022-05-13 03:05:224 INFO  WaitHelper:91 - Waiting for loading a page for: 30
2022-05-13 03:05:240 INFO  WaitHelper:93 - Page is loaded
2022-05-13 03:05:297 INFO  ExtentListener:24 - testLoginToApplication test started
2022-05-13 03:05:495 INFO  WaitHelper:22 - WaitHelper object created
2022-05-13 03:05:617 INFO  TestBase:175 - Capturing ui navigation screen
2022-05-13 03:05:66 INFO  LoginPage:54 - clicking on sign in link
2022-05-13 03:05:768 INFO  LoginPage:60 - Entering email address
2022-05-13 03:05:985 INFO  LoginPage:66 - Entering password
2022-05-13 03:05:177 INFO  LoginPage:72 - clicking on signin button
2022-05-13 03:05:179 INFO  JavaScriptHelper:15 - JavaScriptHelper has been initialised
2022-05-13 03:05:202 INFO  JavaScriptHelper:52 - Scrolling down vertically
2022-05-13 03:05:726 INFO  WaitHelper:22 - WaitHelper object created
2022-05-13 03:05:794 INFO  TestBase:175 - Capturing ui navigation screen
2022-05-13 03:05:05 INFO  LoginPage:103 - login to application completed and landed on account page
2022-05-13 03:05:64 INFO  LoginPage:80 - element is displaying Welcome to your account. Here you can manage all of your personal information and orders.
2022-05-13 03:05:257 INFO  VerificationHelper:20 - Element is displayed Welcome to your account. Here you can manage all of your personal information and orders.
2022-05-13 03:05:264 INFO  ExtentListener:31 - testLoginToApplication test passed
2022-05-13 03:05:853 INFO  ExtentListener:70 - LoginTest finished
2022-05-13 03:05:855 INFO  ExtentListener:63 - RegistrationTest started
2022-05-13 03:05:602 INFO  TestBase:147 - initialze webdriver: RemoteWebDriver: chrome on LINUX (7b47fa5a3b3fab16d7680b3542331270)
2022-05-13 03:05:603 INFO  WaitHelper:22 - WaitHelper object created
2022-05-13 03:05:615 INFO  WaitHelper:28 - Implicit Wait has been set to: 30
2022-05-13 03:05:616 INFO  WaitHelper:91 - Waiting for loading a page for: 30
2022-05-13 03:05:646 INFO  WaitHelper:93 - Page is loaded
2022-05-13 03:05:652 INFO  ExtentListener:24 - testLoginApplication test started
2022-05-13 03:05:387 INFO  WaitHelper:22 - WaitHelper object created
2022-05-13 03:05:461 INFO  TestBase:175 - Capturing ui navigation screen
2022-05-13 03:05:937 INFO  LoginPage:54 - clicking on sign in link
2022-05-13 03:05:171 INFO  LoginPage:87 - entering registration email
2022-05-13 03:05:551 INFO  WaitHelper:22 - WaitHelper object created
2022-05-13 03:05:195 INFO  TestBase:175 - Capturing ui navigation screen
2022-05-13 03:05:460 INFO  RegistrationPage:73 - RegistrationPage created
2022-05-13 03:05:462 INFO  WaitHelper:22 - WaitHelper object created
2022-05-13 03:05:548 INFO  TestBase:175 - Capturing ui navigation screen
2022-05-13 03:05:894 INFO  RegistrationPage:73 - RegistrationPage created
2022-05-13 03:05:129 INFO  RegistrationPage:85 - firstName entered
2022-05-13 03:05:304 INFO  RegistrationPage:91 - lastName entered
2022-05-13 03:05:487 INFO  RegistrationPage:97 - password entered
2022-05-13 03:05:677 INFO  RegistrationPage:151 - address entered
2022-05-13 03:05:919 INFO  RegistrationPage:113 - day entered
2022-05-13 03:05:195 INFO  RegistrationPage:129 - month entered
2022-05-13 03:05:790 INFO  RegistrationPage:145 - year entered
2022-05-13 03:05:02 INFO  RegistrationPage:157 - city entered
2022-05-13 03:05:182 INFO  RegistrationPage:173 - state entered California
2022-05-13 03:05:318 INFO  RegistrationPage:179 - zipcode entered
2022-05-13 03:05:476 INFO  RegistrationPage:185 - phonenumber entered
2022-05-13 03:05:636 INFO  RegistrationPage:191 - registrationButto clicked
2022-05-13 03:05:638 INFO  WaitHelper:22 - WaitHelper object created
2022-05-13 03:05:725 INFO  TestBase:175 - Capturing ui navigation screen
2022-05-13 03:05:901 INFO  WaitHelper:22 - WaitHelper object created
2022-05-13 03:05:977 INFO  TestBase:175 - Capturing ui navigation screen
2022-05-13 03:05:291 INFO  VerificationHelper:20 - Element is displayed Welcome to your account. Here you can manage all of your personal information and orders.
2022-05-13 03:05:294 INFO  ExtentListener:31 - testLoginApplication test passed
2022-05-13 03:05:585 INFO  ExtentListener:70 - RegistrationTest finished
2022-05-13 03:05:589 INFO  ExtentListener:63 - VerifyLowestFirstPriceSortTest started
2022-05-13 03:05:443 INFO  TestBase:147 - initialze webdriver: RemoteWebDriver: chrome on LINUX (41e9203a8305b99ac71e257dfabc7f0b)
2022-05-13 03:05:443 INFO  WaitHelper:22 - WaitHelper object created
2022-05-13 03:05:457 INFO  WaitHelper:28 - Implicit Wait has been set to: 30
2022-05-13 03:05:457 INFO  WaitHelper:91 - Waiting for loading a page for: 30
2022-05-13 03:05:471 INFO  WaitHelper:93 - Page is loaded
2022-05-13 03:05:478 INFO  ExtentListener:24 - verifySortByLowestPricesFirst test started
2022-05-13 03:05:998 INFO  WaitHelper:22 - WaitHelper object created
2022-05-13 03:05:94 INFO  TestBase:175 - Capturing ui navigation screen
2022-05-13 03:05:510 INFO  NavigationMenu:54 - click on Product Category Menu
2022-05-13 03:05:494 INFO  WaitHelper:22 - WaitHelper object created
2022-05-13 03:05:631 INFO  TestBase:175 - Capturing ui navigation screen
2022-05-13 03:05:898 INFO  ProductCategoryPage:58 - product category page is created
2022-05-13 03:05:255 INFO  DropdownHelper:36 - Select by visible text
2022-05-13 03:05:338 INFO  ProductCategoryPage:154 - 16.40
2022-05-13 03:05:363 INFO  ProductCategoryPage:154 - 16.51
2022-05-13 03:05:395 INFO  ProductCategoryPage:154 - 26.00
2022-05-13 03:05:439 INFO  ProductCategoryPage:154 - 27.00
2022-05-13 03:05:470 INFO  ProductCategoryPage:154 - 28.98
2022-05-13 03:05:496 INFO  ProductCategoryPage:154 - 30.50
2022-05-13 03:05:527 INFO  ProductCategoryPage:154 - 50.99
2022-05-13 03:05:528 INFO  ProductCategoryPage:160 - [16, 16, 26, 27, 28, 30, 50]
2022-05-13 03:05:529 INFO  ProductCategoryPage:163 - 16 <= 16
2022-05-13 03:05:529 INFO  ProductCategoryPage:163 - 16 <= 26
2022-05-13 03:05:531 INFO  ProductCategoryPage:163 - 26 <= 27
2022-05-13 03:05:534 INFO  ProductCategoryPage:163 - 27 <= 28
2022-05-13 03:05:534 INFO  ProductCategoryPage:163 - 28 <= 30
2022-05-13 03:05:534 INFO  ProductCategoryPage:163 - 30 <= 50
2022-05-13 03:05:536 INFO  ExtentListener:31 - verifySortByLowestPricesFirst test passed
2022-05-13 03:05:693 INFO  ExtentListener:70 - VerifyLowestFirstPriceSortTest finished
2022-05-13 03:05:489 INFO  ExtentListener:63 - LoginTest started
2022-05-13 03:05:819 INFO  TestBase:157 - initialze webdriver: RemoteWebDriver: chrome on LINUX (0ab9fc729fcf350f5c402ba8ff5991ef)
2022-05-13 03:05:820 INFO  WaitHelper:22 - WaitHelper object created
2022-05-13 03:05:842 INFO  WaitHelper:28 - Implicit Wait has been set to: 30
2022-05-13 03:05:843 INFO  WaitHelper:91 - Waiting for loading a page for: 30
2022-05-13 03:05:864 INFO  WaitHelper:93 - Page is loaded
2022-05-13 03:05:919 INFO  ExtentListener:24 - testLoginToApplication test started
2022-05-13 03:05:183 INFO  WaitHelper:22 - WaitHelper object created
2022-05-13 03:05:310 INFO  TestBase:185 - Capturing ui navigation screen
2022-05-13 03:05:829 INFO  LoginPage:54 - clicking on sign in link
2022-05-13 03:05:262 INFO  LoginPage:60 - Entering email address
2022-05-13 03:05:445 INFO  LoginPage:66 - Entering password
2022-05-13 03:05:614 INFO  LoginPage:72 - clicking on signin button
2022-05-13 03:05:616 INFO  JavaScriptHelper:15 - JavaScriptHelper has been initialised
2022-05-13 03:05:641 INFO  JavaScriptHelper:52 - Scrolling down vertically
2022-05-13 03:05:244 INFO  WaitHelper:22 - WaitHelper object created
2022-05-13 03:05:328 INFO  TestBase:185 - Capturing ui navigation screen
2022-05-13 03:05:549 INFO  LoginPage:103 - login to application completed and landed on account page
2022-05-13 03:05:654 INFO  LoginPage:80 - element is displaying Welcome to your account. Here you can manage all of your personal information and orders.
2022-05-13 03:05:843 INFO  VerificationHelper:20 - Element is displayed Welcome to your account. Here you can manage all of your personal information and orders.
2022-05-13 03:05:849 INFO  ExtentListener:31 - testLoginToApplication test passed
2022-05-13 03:05:532 INFO  ExtentListener:70 - LoginTest finished
2022-05-13 03:05:534 INFO  ExtentListener:63 - RegistrationTest started
2022-05-13 03:05:640 INFO  TestBase:157 - initialze webdriver: RemoteWebDriver: chrome on LINUX (9a7cb5ce7b16276761ee66ff0cf91b0a)
2022-05-13 03:05:641 INFO  WaitHelper:22 - WaitHelper object created
2022-05-13 03:05:664 INFO  WaitHelper:28 - Implicit Wait has been set to: 30
2022-05-13 03:05:664 INFO  WaitHelper:91 - Waiting for loading a page for: 30
2022-05-13 03:05:681 INFO  WaitHelper:93 - Page is loaded
2022-05-13 03:05:685 INFO  ExtentListener:24 - testLoginApplication test started
2022-05-13 03:05:997 INFO  WaitHelper:22 - WaitHelper object created
2022-05-13 03:05:105 INFO  TestBase:185 - Capturing ui navigation screen
2022-05-13 03:05:619 INFO  LoginPage:54 - clicking on sign in link
2022-05-13 03:05:219 INFO  LoginPage:87 - entering registration email
2022-05-13 03:05:609 INFO  WaitHelper:22 - WaitHelper object created
2022-05-13 03:05:377 INFO  TestBase:185 - Capturing ui navigation screen
2022-05-13 03:05:708 INFO  RegistrationPage:73 - RegistrationPage created
2022-05-13 03:05:710 INFO  WaitHelper:22 - WaitHelper object created
2022-05-13 03:05:37 INFO  TestBase:185 - Capturing ui navigation screen
2022-05-13 03:05:216 INFO  RegistrationPage:73 - RegistrationPage created
2022-05-13 03:05:356 INFO  RegistrationPage:85 - firstName entered
2022-05-13 03:05:524 INFO  RegistrationPage:91 - lastName entered
2022-05-13 03:05:701 INFO  RegistrationPage:97 - password entered
2022-05-13 03:05:898 INFO  RegistrationPage:151 - address entered
2022-05-13 03:05:170 INFO  RegistrationPage:113 - day entered
2022-05-13 03:05:555 INFO  RegistrationPage:129 - month entered
2022-05-13 03:05:79 INFO  RegistrationPage:145 - year entered
2022-05-13 03:05:204 INFO  RegistrationPage:157 - city entered
2022-05-13 03:05:422 INFO  RegistrationPage:173 - state entered California
2022-05-13 03:05:610 INFO  RegistrationPage:179 - zipcode entered
2022-05-13 03:05:748 INFO  RegistrationPage:185 - phonenumber entered
2022-05-13 03:05:707 INFO  RegistrationPage:191 - registrationButto clicked
2022-05-13 03:05:707 INFO  WaitHelper:22 - WaitHelper object created
2022-05-13 03:05:832 INFO  TestBase:185 - Capturing ui navigation screen
2022-05-13 03:05:89 INFO  WaitHelper:22 - WaitHelper object created
2022-05-13 03:05:145 INFO  TestBase:185 - Capturing ui navigation screen
2022-05-13 03:05:458 INFO  VerificationHelper:20 - Element is displayed Welcome to your account. Here you can manage all of your personal information and orders.
2022-05-13 03:05:462 INFO  ExtentListener:31 - testLoginApplication test passed
2022-05-13 03:05:663 INFO  ExtentListener:70 - RegistrationTest finished
2022-05-13 03:05:665 INFO  ExtentListener:63 - VerifyLowestFirstPriceSortTest started
2022-05-13 03:05:484 INFO  TestBase:157 - initialze webdriver: RemoteWebDriver: chrome on LINUX (d93f661f8c92293e674812b7564b68a5)
2022-05-13 03:05:484 INFO  WaitHelper:22 - WaitHelper object created
2022-05-13 03:05:512 INFO  WaitHelper:28 - Implicit Wait has been set to: 30
2022-05-13 03:05:514 INFO  WaitHelper:91 - Waiting for loading a page for: 30
2022-05-13 03:05:537 INFO  WaitHelper:93 - Page is loaded
2022-05-13 03:05:541 INFO  ExtentListener:24 - verifySortByLowestPricesFirst test started
2022-05-13 03:05:715 INFO  WaitHelper:22 - WaitHelper object created
2022-05-13 03:05:988 INFO  TestBase:185 - Capturing ui navigation screen
2022-05-13 03:05:446 INFO  NavigationMenu:54 - click on Product Category Menu
2022-05-13 03:05:601 INFO  WaitHelper:22 - WaitHelper object created
2022-05-13 03:05:670 INFO  TestBase:185 - Capturing ui navigation screen
2022-05-13 03:05:910 INFO  ProductCategoryPage:58 - product category page is created
2022-05-13 03:05:178 INFO  DropdownHelper:36 - Select by visible text
2022-05-13 03:05:260 INFO  ProductCategoryPage:154 - 16.40
2022-05-13 03:05:284 INFO  ProductCategoryPage:154 - 16.51
2022-05-13 03:05:311 INFO  ProductCategoryPage:154 - 26.00
2022-05-13 03:05:353 INFO  ProductCategoryPage:154 - 27.00
2022-05-13 03:05:374 INFO  ProductCategoryPage:154 - 28.98
2022-05-13 03:05:396 INFO  ProductCategoryPage:154 - 30.50
2022-05-13 03:05:425 INFO  ProductCategoryPage:154 - 50.99
2022-05-13 03:05:426 INFO  ProductCategoryPage:160 - [16, 16, 26, 27, 28, 30, 50]
2022-05-13 03:05:427 INFO  ProductCategoryPage:163 - 16 <= 16
2022-05-13 03:05:427 INFO  ProductCategoryPage:163 - 16 <= 26
2022-05-13 03:05:428 INFO  ProductCategoryPage:163 - 26 <= 27
2022-05-13 03:05:428 INFO  ProductCategoryPage:163 - 27 <= 28
2022-05-13 03:05:429 INFO  ProductCategoryPage:163 - 28 <= 30
2022-05-13 03:05:429 INFO  ProductCategoryPage:163 - 30 <= 50
2022-05-13 03:05:432 INFO  ExtentListener:31 - verifySortByLowestPricesFirst test passed
2022-05-13 03:05:617 INFO  ExtentListener:70 - VerifyLowestFirstPriceSortTest finished
2022-05-13 22:05:181 INFO  ExtentListener:63 - LoginTest started
2022-05-13 22:05:292 INFO  TestBase:157 - initialze webdriver: RemoteWebDriver: chrome on LINUX (e83ed22cf239cd0ef6d3609993c9c1d4)
2022-05-13 22:05:295 INFO  WaitHelper:22 - WaitHelper object created
2022-05-13 22:05:362 INFO  WaitHelper:28 - Implicit Wait has been set to: 30
2022-05-13 22:05:362 INFO  WaitHelper:91 - Waiting for loading a page for: 30
2022-05-13 22:05:395 INFO  WaitHelper:93 - Page is loaded
2022-05-13 22:05:480 INFO  ExtentListener:24 - testLoginToApplication test started
2022-05-13 22:05:88 INFO  WaitHelper:22 - WaitHelper object created
2022-05-13 22:05:254 INFO  TestBase:185 - Capturing ui navigation screen
2022-05-13 22:05:999 INFO  LoginPage:54 - clicking on sign in link
2022-05-13 22:05:25 INFO  LoginPage:60 - Entering email address
2022-05-13 22:05:504 INFO  LoginPage:66 - Entering password
2022-05-13 22:05:682 INFO  LoginPage:72 - clicking on signin button
2022-05-13 22:05:687 INFO  JavaScriptHelper:15 - JavaScriptHelper has been initialised
2022-05-13 22:05:782 INFO  JavaScriptHelper:52 - Scrolling down vertically
2022-05-13 22:05:805 INFO  WaitHelper:22 - WaitHelper object created
2022-05-13 22:05:982 INFO  TestBase:185 - Capturing ui navigation screen
2022-05-13 22:05:465 INFO  LoginPage:103 - login to application completed and landed on account page
2022-05-13 22:05:671 INFO  LoginPage:80 - element is displaying Welcome to your account. Here you can manage all of your personal information and orders.
2022-05-13 22:05:282 INFO  VerificationHelper:20 - Element is displayed Welcome to your account. Here you can manage all of your personal information and orders.
2022-05-13 22:05:290 INFO  ExtentListener:31 - testLoginToApplication test passed
2022-05-13 22:05:999 INFO  ExtentListener:70 - LoginTest finished
2022-05-13 22:05:01 INFO  ExtentListener:63 - RegistrationTest started
2022-05-13 22:05:38 INFO  TestBase:157 - initialze webdriver: RemoteWebDriver: chrome on LINUX (841d4818b6e324c276443bebd683e087)
2022-05-13 22:05:39 INFO  WaitHelper:22 - WaitHelper object created
2022-05-13 22:05:98 INFO  WaitHelper:28 - Implicit Wait has been set to: 30
2022-05-13 22:05:99 INFO  WaitHelper:91 - Waiting for loading a page for: 30
2022-05-13 22:05:137 INFO  WaitHelper:93 - Page is loaded
2022-05-13 22:05:141 INFO  ExtentListener:24 - testLoginApplication test started
2022-05-13 22:05:250 INFO  WaitHelper:22 - WaitHelper object created
2022-05-13 22:05:382 INFO  TestBase:185 - Capturing ui navigation screen
2022-05-13 22:05:853 INFO  LoginPage:54 - clicking on sign in link
2022-05-13 22:05:903 INFO  LoginPage:87 - entering registration email
2022-05-13 22:05:320 INFO  WaitHelper:22 - WaitHelper object created
2022-05-13 22:05:275 INFO  TestBase:185 - Capturing ui navigation screen
2022-05-13 22:05:517 INFO  RegistrationPage:73 - RegistrationPage created
2022-05-13 22:05:518 INFO  WaitHelper:22 - WaitHelper object created
2022-05-13 22:05:867 INFO  TestBase:185 - Capturing ui navigation screen
2022-05-13 22:05:114 INFO  RegistrationPage:73 - RegistrationPage created
2022-05-13 22:05:361 INFO  RegistrationPage:85 - firstName entered
2022-05-13 22:05:576 INFO  RegistrationPage:91 - lastName entered
2022-05-13 22:05:935 INFO  RegistrationPage:97 - password entered
2022-05-13 22:05:253 INFO  RegistrationPage:151 - address entered
2022-05-13 22:05:635 INFO  RegistrationPage:113 - day entered
2022-05-13 22:05:68 INFO  RegistrationPage:129 - month entered
2022-05-13 22:05:422 INFO  RegistrationPage:145 - year entered
2022-05-13 22:05:698 INFO  RegistrationPage:157 - city entered
2022-05-13 22:05:28 INFO  RegistrationPage:173 - state entered California
2022-05-13 22:05:211 INFO  RegistrationPage:179 - zipcode entered
2022-05-13 22:05:366 INFO  RegistrationPage:185 - phonenumber entered
2022-05-13 22:05:243 INFO  RegistrationPage:191 - registrationButto clicked
2022-05-13 22:05:243 INFO  WaitHelper:22 - WaitHelper object created
2022-05-13 22:05:346 INFO  TestBase:185 - Capturing ui navigation screen
2022-05-13 22:05:636 INFO  WaitHelper:22 - WaitHelper object created
2022-05-13 22:05:799 INFO  TestBase:185 - Capturing ui navigation screen
2022-05-13 22:05:203 INFO  VerificationHelper:20 - Element is displayed Welcome to your account. Here you can manage all of your personal information and orders.
2022-05-13 22:05:205 INFO  ExtentListener:31 - testLoginApplication test passed
2022-05-13 22:05:403 INFO  ExtentListener:70 - RegistrationTest finished
2022-05-13 22:05:405 INFO  ExtentListener:63 - VerifyLowestFirstPriceSortTest started
2022-05-13 22:05:272 INFO  TestBase:157 - initialze webdriver: RemoteWebDriver: chrome on LINUX (6a380d097ef86b71ece2bccc225f03a6)
2022-05-13 22:05:272 INFO  WaitHelper:22 - WaitHelper object created
2022-05-13 22:05:316 INFO  WaitHelper:28 - Implicit Wait has been set to: 30
2022-05-13 22:05:316 INFO  WaitHelper:91 - Waiting for loading a page for: 30
2022-05-13 22:05:355 INFO  WaitHelper:93 - Page is loaded
2022-05-13 22:05:364 INFO  ExtentListener:24 - verifySortByLowestPricesFirst test started
2022-05-13 22:05:512 INFO  WaitHelper:22 - WaitHelper object created
2022-05-13 22:05:601 INFO  TestBase:185 - Capturing ui navigation screen
2022-05-13 22:05:98 INFO  NavigationMenu:54 - click on Product Category Menu
2022-05-13 22:05:701 INFO  WaitHelper:22 - WaitHelper object created
2022-05-13 22:05:789 INFO  TestBase:185 - Capturing ui navigation screen
2022-05-13 22:05:73 INFO  ProductCategoryPage:58 - product category page is created
2022-05-13 22:05:400 INFO  DropdownHelper:36 - Select by visible text
2022-05-13 22:05:539 INFO  ProductCategoryPage:154 - 16.40
2022-05-13 22:05:590 INFO  ProductCategoryPage:154 - 16.51
2022-05-13 22:05:636 INFO  ProductCategoryPage:154 - 26.00
2022-05-13 22:05:671 INFO  ProductCategoryPage:154 - 27.00
2022-05-13 22:05:738 INFO  ProductCategoryPage:154 - 28.98
2022-05-13 22:05:772 INFO  ProductCategoryPage:154 - 30.50
2022-05-13 22:05:800 INFO  ProductCategoryPage:154 - 50.99
2022-05-13 22:05:800 INFO  ProductCategoryPage:160 - [16, 16, 26, 27, 28, 30, 50]
2022-05-13 22:05:800 INFO  ProductCategoryPage:163 - 16 <= 16
2022-05-13 22:05:800 INFO  ProductCategoryPage:163 - 16 <= 26
2022-05-13 22:05:801 INFO  ProductCategoryPage:163 - 26 <= 27
2022-05-13 22:05:801 INFO  ProductCategoryPage:163 - 27 <= 28
2022-05-13 22:05:801 INFO  ProductCategoryPage:163 - 28 <= 30
2022-05-13 22:05:801 INFO  ProductCategoryPage:163 - 30 <= 50
2022-05-13 22:05:804 INFO  ExtentListener:31 - verifySortByLowestPricesFirst test passed
2022-05-13 22:05:982 INFO  ExtentListener:70 - VerifyLowestFirstPriceSortTest finished
2022-05-13 22:05:700 INFO  ExtentListener:63 - LoginTest started
2022-05-13 22:05:432 INFO  TestBase:157 - initialze webdriver: RemoteWebDriver: chrome on LINUX (999e4368d6684e8114694b386f4b9b08)
2022-05-13 22:05:433 INFO  WaitHelper:22 - WaitHelper object created
2022-05-13 22:05:518 INFO  WaitHelper:28 - Implicit Wait has been set to: 30
2022-05-13 22:05:519 INFO  WaitHelper:91 - Waiting for loading a page for: 30
2022-05-13 22:05:559 INFO  WaitHelper:93 - Page is loaded
2022-05-13 22:05:618 INFO  ExtentListener:24 - testLoginToApplication test started
2022-05-13 23:05:105 INFO  WaitHelper:22 - WaitHelper object created
2022-05-13 23:05:285 INFO  TestBase:185 - Capturing ui navigation screen
2022-05-13 23:05:856 INFO  LoginPage:54 - clicking on sign in link
2022-05-13 23:05:310 INFO  LoginPage:60 - Entering email address
2022-05-13 23:05:690 INFO  LoginPage:66 - Entering password
2022-05-13 23:05:926 INFO  LoginPage:72 - clicking on signin button
2022-05-13 23:05:928 INFO  JavaScriptHelper:15 - JavaScriptHelper has been initialised
2022-05-13 23:05:995 INFO  JavaScriptHelper:52 - Scrolling down vertically
2022-05-13 23:05:23 INFO  WaitHelper:22 - WaitHelper object created
2022-05-13 23:05:145 INFO  TestBase:185 - Capturing ui navigation screen
2022-05-13 23:05:382 INFO  LoginPage:103 - login to application completed and landed on account page
2022-05-13 23:05:523 INFO  LoginPage:80 - element is displaying Welcome to your account. Here you can manage all of your personal information and orders.
2022-05-13 23:05:872 INFO  VerificationHelper:20 - Element is displayed Welcome to your account. Here you can manage all of your personal information and orders.
2022-05-13 23:05:878 INFO  ExtentListener:31 - testLoginToApplication test passed
2022-05-13 23:05:727 INFO  ExtentListener:70 - LoginTest finished
2022-05-13 23:05:730 INFO  ExtentListener:63 - RegistrationTest started
2022-05-13 23:05:570 INFO  TestBase:157 - initialze webdriver: RemoteWebDriver: chrome on LINUX (cebd32551f8399da27c47c1e03862ce0)
2022-05-13 23:05:571 INFO  WaitHelper:22 - WaitHelper object created
2022-05-13 23:05:650 INFO  WaitHelper:28 - Implicit Wait has been set to: 30
2022-05-13 23:05:650 INFO  WaitHelper:91 - Waiting for loading a page for: 30
2022-05-13 23:05:690 INFO  WaitHelper:93 - Page is loaded
2022-05-13 23:05:699 INFO  ExtentListener:24 - testLoginApplication test started
2022-05-13 23:05:699 INFO  WaitHelper:22 - WaitHelper object created
2022-05-13 23:05:877 INFO  TestBase:185 - Capturing ui navigation screen
2022-05-13 23:05:708 INFO  LoginPage:54 - clicking on sign in link
2022-05-13 23:05:749 INFO  LoginPage:87 - entering registration email
2022-05-13 23:05:231 INFO  WaitHelper:22 - WaitHelper object created
2022-05-13 23:05:514 INFO  TestBase:185 - Capturing ui navigation screen
2022-05-13 23:05:785 INFO  RegistrationPage:73 - RegistrationPage created
2022-05-13 23:05:786 INFO  WaitHelper:22 - WaitHelper object created
2022-05-13 23:05:896 INFO  TestBase:185 - Capturing ui navigation screen
2022-05-13 23:05:308 INFO  RegistrationPage:73 - RegistrationPage created
2022-05-13 23:05:565 INFO  RegistrationPage:85 - firstName entered
2022-05-13 23:05:806 INFO  RegistrationPage:91 - lastName entered
2022-05-13 23:05:978 INFO  RegistrationPage:97 - password entered
2022-05-13 23:05:189 INFO  RegistrationPage:151 - address entered
2022-05-13 23:05:534 INFO  RegistrationPage:113 - day entered
2022-05-13 23:05:190 INFO  RegistrationPage:129 - month entered
2022-05-13 23:05:83 INFO  RegistrationPage:145 - year entered
2022-05-13 23:05:260 INFO  RegistrationPage:157 - city entered
2022-05-13 23:05:497 INFO  RegistrationPage:173 - state entered California
2022-05-13 23:05:684 INFO  RegistrationPage:179 - zipcode entered
2022-05-13 23:05:826 INFO  RegistrationPage:185 - phonenumber entered
2022-05-13 23:05:390 INFO  RegistrationPage:191 - registrationButto clicked
2022-05-13 23:05:391 INFO  WaitHelper:22 - WaitHelper object created
2022-05-13 23:05:467 INFO  TestBase:185 - Capturing ui navigation screen
2022-05-13 23:05:686 INFO  WaitHelper:22 - WaitHelper object created
2022-05-13 23:05:768 INFO  TestBase:185 - Capturing ui navigation screen
2022-05-13 23:05:80 INFO  VerificationHelper:20 - Element is displayed Welcome to your account. Here you can manage all of your personal information and orders.
2022-05-13 23:05:81 INFO  ExtentListener:31 - testLoginApplication test passed
2022-05-13 23:05:249 INFO  ExtentListener:70 - RegistrationTest finished
2022-05-13 23:05:250 INFO  ExtentListener:63 - VerifyLowestFirstPriceSortTest started
2022-05-13 23:05:248 INFO  TestBase:157 - initialze webdriver: RemoteWebDriver: chrome on LINUX (550151c875e4034b50ca5dfe6dcd0a20)
2022-05-13 23:05:248 INFO  WaitHelper:22 - WaitHelper object created
2022-05-13 23:05:264 INFO  WaitHelper:28 - Implicit Wait has been set to: 30
2022-05-13 23:05:264 INFO  WaitHelper:91 - Waiting for loading a page for: 30
2022-05-13 23:05:278 INFO  WaitHelper:93 - Page is loaded
2022-05-13 23:05:281 INFO  ExtentListener:24 - verifySortByLowestPricesFirst test started
2022-05-13 23:05:726 INFO  WaitHelper:22 - WaitHelper object created
2022-05-13 23:05:849 INFO  TestBase:185 - Capturing ui navigation screen
2022-05-13 23:05:404 INFO  NavigationMenu:54 - click on Product Category Menu
2022-05-13 23:05:881 INFO  WaitHelper:22 - WaitHelper object created
2022-05-13 23:05:06 INFO  TestBase:185 - Capturing ui navigation screen
2022-05-13 23:05:326 INFO  ProductCategoryPage:58 - product category page is created
2022-05-13 23:05:671 INFO  DropdownHelper:36 - Select by visible text
2022-05-13 23:05:744 INFO  ProductCategoryPage:154 - 16.40
2022-05-13 23:05:782 INFO  ProductCategoryPage:154 - 16.51
2022-05-13 23:05:816 INFO  ProductCategoryPage:154 - 26.00
2022-05-13 23:05:841 INFO  ProductCategoryPage:154 - 27.00
2022-05-13 23:05:868 INFO  ProductCategoryPage:154 - 28.98
2022-05-13 23:05:892 INFO  ProductCategoryPage:154 - 30.50
2022-05-13 23:05:939 INFO  ProductCategoryPage:154 - 50.99
2022-05-13 23:05:940 INFO  ProductCategoryPage:160 - [16, 16, 26, 27, 28, 30, 50]
2022-05-13 23:05:940 INFO  ProductCategoryPage:163 - 16 <= 16
2022-05-13 23:05:941 INFO  ProductCategoryPage:163 - 16 <= 26
2022-05-13 23:05:941 INFO  ProductCategoryPage:163 - 26 <= 27
2022-05-13 23:05:941 INFO  ProductCategoryPage:163 - 27 <= 28
2022-05-13 23:05:941 INFO  ProductCategoryPage:163 - 28 <= 30
2022-05-13 23:05:941 INFO  ProductCategoryPage:163 - 30 <= 50
2022-05-13 23:05:943 INFO  ExtentListener:31 - verifySortByLowestPricesFirst test passed
2022-05-13 23:05:138 INFO  ExtentListener:70 - VerifyLowestFirstPriceSortTest finished
2022-05-13 23:05:140 INFO  ExtentListener:63 - Test started
2022-05-13 23:05:144 INFO  ExtentListener:24 - testf1 test started
2022-05-13 23:05:146 INFO  ExtentListener:24 - testc2 test started
2022-05-13 23:05:150 INFO  ExtentListener:24 - testf2 test started
2022-05-13 23:05:152 INFO  ExtentListener:24 - testc1 test started
2022-05-13 23:05:971 INFO  ExtentListener:31 - testc2 test passed
2022-05-13 23:05:700 INFO  ExtentListener:31 - testf2 test passed
2022-05-13 23:05:693 INFO  ExtentListener:31 - testc1 test passed
2022-05-13 23:05:848 INFO  ExtentListener:31 - testf1 test passed
2022-05-13 23:05:909 INFO  ExtentListener:70 - Test finished
2022-05-14 00:05:24 INFO  ExtentListener:63 - LoginTest started
2022-05-14 00:05:829 INFO  TestBase:157 - initialze webdriver: RemoteWebDriver: chrome on LINUX (6e5dc260e377fca750b4ce11d06b796e)
2022-05-14 00:05:831 INFO  WaitHelper:22 - WaitHelper object created
2022-05-14 00:05:858 INFO  WaitHelper:28 - Implicit Wait has been set to: 30
2022-05-14 00:05:859 INFO  WaitHelper:91 - Waiting for loading a page for: 30
2022-05-14 00:05:874 INFO  WaitHelper:93 - Page is loaded
2022-05-14 00:05:951 INFO  ExtentListener:24 - testLoginToApplication test started
2022-05-14 00:05:159 INFO  WaitHelper:22 - WaitHelper object created
2022-05-14 00:05:311 INFO  TestBase:185 - Capturing ui navigation screen
2022-05-14 00:05:794 INFO  LoginPage:54 - clicking on sign in link
2022-05-14 00:05:190 INFO  LoginPage:60 - Entering email address
2022-05-14 00:05:476 INFO  LoginPage:66 - Entering password
2022-05-14 00:05:696 INFO  LoginPage:72 - clicking on signin button
2022-05-14 00:05:698 INFO  JavaScriptHelper:15 - JavaScriptHelper has been initialised
2022-05-14 00:05:728 INFO  JavaScriptHelper:52 - Scrolling down vertically
2022-05-14 00:05:970 INFO  WaitHelper:22 - WaitHelper object created
2022-05-14 00:05:125 INFO  TestBase:185 - Capturing ui navigation screen
2022-05-14 00:05:351 INFO  LoginPage:103 - login to application completed and landed on account page
2022-05-14 00:05:425 INFO  LoginPage:80 - element is displaying Welcome to your account. Here you can manage all of your personal information and orders.
2022-05-14 00:05:616 INFO  VerificationHelper:20 - Element is displayed Welcome to your account. Here you can manage all of your personal information and orders.
2022-05-14 00:05:621 INFO  ExtentListener:31 - testLoginToApplication test passed
2022-05-14 00:05:446 INFO  ExtentListener:70 - LoginTest finished
2022-05-14 00:05:449 INFO  ExtentListener:63 - RegistrationTest started
2022-05-14 00:05:180 INFO  TestBase:157 - initialze webdriver: RemoteWebDriver: chrome on LINUX (21e99478b3659d746a86922b7b5593f7)
2022-05-14 00:05:182 INFO  WaitHelper:22 - WaitHelper object created
2022-05-14 00:05:209 INFO  WaitHelper:28 - Implicit Wait has been set to: 30
2022-05-14 00:05:209 INFO  WaitHelper:91 - Waiting for loading a page for: 30
2022-05-14 00:05:238 INFO  WaitHelper:93 - Page is loaded
2022-05-14 00:05:243 INFO  ExtentListener:24 - testLoginApplication test started
2022-05-14 00:05:579 INFO  WaitHelper:22 - WaitHelper object created
2022-05-14 00:05:664 INFO  TestBase:185 - Capturing ui navigation screen
2022-05-14 00:05:138 INFO  LoginPage:54 - clicking on sign in link
2022-05-14 00:05:804 INFO  LoginPage:87 - entering registration email
2022-05-14 00:05:210 INFO  WaitHelper:22 - WaitHelper object created
2022-05-14 00:05:986 INFO  TestBase:185 - Capturing ui navigation screen
2022-05-14 00:05:300 INFO  RegistrationPage:73 - RegistrationPage created
2022-05-14 00:05:301 INFO  WaitHelper:22 - WaitHelper object created
2022-05-14 00:05:401 INFO  TestBase:185 - Capturing ui navigation screen
2022-05-14 00:05:731 INFO  RegistrationPage:73 - RegistrationPage created
2022-05-14 00:05:928 INFO  RegistrationPage:85 - firstName entered
2022-05-14 00:05:94 INFO  RegistrationPage:91 - lastName entered
2022-05-14 00:05:247 INFO  RegistrationPage:97 - password entered
2022-05-14 00:05:445 INFO  RegistrationPage:151 - address entered
2022-05-14 00:05:701 INFO  RegistrationPage:113 - day entered
2022-05-14 00:05:980 INFO  RegistrationPage:129 - month entered
2022-05-14 00:05:565 INFO  RegistrationPage:145 - year entered
2022-05-14 00:05:707 INFO  RegistrationPage:157 - city entered
2022-05-14 00:05:965 INFO  RegistrationPage:173 - state entered California
2022-05-14 00:05:148 INFO  RegistrationPage:179 - zipcode entered
2022-05-14 00:05:302 INFO  RegistrationPage:185 - phonenumber entered
2022-05-14 00:05:90 INFO  RegistrationPage:191 - registrationButto clicked
2022-05-14 00:05:91 INFO  WaitHelper:22 - WaitHelper object created
2022-05-14 00:05:209 INFO  TestBase:185 - Capturing ui navigation screen
2022-05-14 00:05:405 INFO  WaitHelper:22 - WaitHelper object created
2022-05-14 00:05:522 INFO  TestBase:185 - Capturing ui navigation screen
2022-05-14 00:05:930 INFO  VerificationHelper:20 - Element is displayed Welcome to your account. Here you can manage all of your personal information and orders.
2022-05-14 00:05:936 INFO  ExtentListener:31 - testLoginApplication test passed
2022-05-14 00:05:131 INFO  ExtentListener:70 - RegistrationTest finished
2022-05-14 00:05:133 INFO  ExtentListener:63 - VerifyLowestFirstPriceSortTest started
2022-05-14 00:05:864 INFO  TestBase:157 - initialze webdriver: RemoteWebDriver: chrome on LINUX (db4a96fffebc94972e2160d2c66c1a3a)
2022-05-14 00:05:864 INFO  WaitHelper:22 - WaitHelper object created
2022-05-14 00:05:884 INFO  WaitHelper:28 - Implicit Wait has been set to: 30
2022-05-14 00:05:885 INFO  WaitHelper:91 - Waiting for loading a page for: 30
2022-05-14 00:05:907 INFO  WaitHelper:93 - Page is loaded
2022-05-14 00:05:915 INFO  ExtentListener:24 - verifySortByLowestPricesFirst test started
2022-05-14 00:05:22 INFO  WaitHelper:22 - WaitHelper object created
2022-05-14 00:05:129 INFO  TestBase:185 - Capturing ui navigation screen
2022-05-14 00:05:541 INFO  NavigationMenu:54 - click on Product Category Menu
2022-05-14 00:05:818 INFO  WaitHelper:22 - WaitHelper object created
2022-05-14 00:05:957 INFO  TestBase:185 - Capturing ui navigation screen
2022-05-14 00:05:184 INFO  ProductCategoryPage:58 - product category page is created
2022-05-14 00:05:555 INFO  DropdownHelper:36 - Select by visible text
2022-05-14 00:05:634 INFO  ProductCategoryPage:154 - 16.40
2022-05-14 00:05:664 INFO  ProductCategoryPage:154 - 16.51
2022-05-14 00:05:697 INFO  ProductCategoryPage:154 - 26.00
2022-05-14 00:05:720 INFO  ProductCategoryPage:154 - 27.00
2022-05-14 00:05:747 INFO  ProductCategoryPage:154 - 28.98
2022-05-14 00:05:806 INFO  ProductCategoryPage:154 - 30.50
2022-05-14 00:05:830 INFO  ProductCategoryPage:154 - 50.99
2022-05-14 00:05:830 INFO  ProductCategoryPage:160 - [16, 16, 26, 27, 28, 30, 50]
2022-05-14 00:05:831 INFO  ProductCategoryPage:163 - 16 <= 16
2022-05-14 00:05:831 INFO  ProductCategoryPage:163 - 16 <= 26
2022-05-14 00:05:831 INFO  ProductCategoryPage:163 - 26 <= 27
2022-05-14 00:05:831 INFO  ProductCategoryPage:163 - 27 <= 28
2022-05-14 00:05:831 INFO  ProductCategoryPage:163 - 28 <= 30
2022-05-14 00:05:831 INFO  ProductCategoryPage:163 - 30 <= 50
2022-05-14 00:05:832 INFO  ExtentListener:31 - verifySortByLowestPricesFirst test passed
2022-05-14 00:05:35 INFO  ExtentListener:70 - VerifyLowestFirstPriceSortTest finished
2022-05-14 00:05:36 INFO  ExtentListener:63 - Test started
2022-05-14 00:05:45 INFO  ExtentListener:24 - testf2 test started
2022-05-14 00:05:46 INFO  ExtentListener:24 - testf1 test started
2022-05-14 00:05:50 INFO  ExtentListener:24 - testc2 test started
2022-05-14 00:05:67 INFO  ExtentListener:24 - testc1 test started
2022-05-14 00:05:555 INFO  ExtentListener:31 - testc2 test passed
2022-05-14 00:05:419 INFO  ExtentListener:31 - testf1 test passed
2022-05-14 00:05:772 INFO  ExtentListener:31 - testc1 test passed
2022-05-14 00:05:702 INFO  ExtentListener:31 - testf2 test passed
2022-05-14 00:05:759 INFO  ExtentListener:70 - Test finished
2022-05-14 00:05:667 INFO  ExtentListener:63 - LoginTest started
2022-05-14 00:05:35 INFO  TestBase:157 - initialze webdriver: RemoteWebDriver: chrome on LINUX (653bd6246c21de361bf31bbcbad8c941)
2022-05-14 00:05:38 INFO  WaitHelper:22 - WaitHelper object created
2022-05-14 00:05:58 INFO  WaitHelper:28 - Implicit Wait has been set to: 30
2022-05-14 00:05:58 INFO  WaitHelper:91 - Waiting for loading a page for: 30
2022-05-14 00:05:80 INFO  WaitHelper:93 - Page is loaded
2022-05-14 00:05:146 INFO  ExtentListener:24 - testLoginToApplication test started
2022-05-14 00:05:939 INFO  WaitHelper:22 - WaitHelper object created
2022-05-14 00:05:77 INFO  TestBase:185 - Capturing ui navigation screen
2022-05-14 00:05:560 INFO  LoginPage:54 - clicking on sign in link
2022-05-14 00:05:800 INFO  LoginPage:60 - Entering email address
2022-05-14 00:05:70 INFO  LoginPage:66 - Entering password
2022-05-14 00:05:213 INFO  LoginPage:72 - clicking on signin button
2022-05-14 00:05:217 INFO  JavaScriptHelper:15 - JavaScriptHelper has been initialised
2022-05-14 00:05:244 INFO  JavaScriptHelper:52 - Scrolling down vertically
2022-05-14 00:05:958 INFO  WaitHelper:22 - WaitHelper object created
2022-05-14 00:05:63 INFO  TestBase:185 - Capturing ui navigation screen
2022-05-14 00:05:243 INFO  LoginPage:103 - login to application completed and landed on account page
2022-05-14 00:05:325 INFO  LoginPage:80 - element is displaying Welcome to your account. Here you can manage all of your personal information and orders.
2022-05-14 00:05:520 INFO  VerificationHelper:20 - Element is displayed Welcome to your account. Here you can manage all of your personal information and orders.
2022-05-14 00:05:527 INFO  ExtentListener:31 - testLoginToApplication test passed
2022-05-14 00:05:268 INFO  ExtentListener:70 - LoginTest finished
2022-05-14 00:05:270 INFO  ExtentListener:63 - RegistrationTest started
2022-05-14 00:05:26 INFO  TestBase:157 - initialze webdriver: RemoteWebDriver: chrome on LINUX (794d787dc33eeacabb7b7d70ec71f622)
2022-05-14 00:05:26 INFO  WaitHelper:22 - WaitHelper object created
2022-05-14 00:05:40 INFO  WaitHelper:28 - Implicit Wait has been set to: 30
2022-05-14 00:05:41 INFO  WaitHelper:91 - Waiting for loading a page for: 30
2022-05-14 00:05:64 INFO  WaitHelper:93 - Page is loaded
2022-05-14 00:05:68 INFO  ExtentListener:24 - testLoginApplication test started
2022-05-14 00:05:129 INFO  WaitHelper:22 - WaitHelper object created
2022-05-14 00:05:207 INFO  TestBase:185 - Capturing ui navigation screen
2022-05-14 00:05:646 INFO  LoginPage:54 - clicking on sign in link
2022-05-14 00:05:598 INFO  LoginPage:87 - entering registration email
2022-05-14 00:05:988 INFO  WaitHelper:22 - WaitHelper object created
2022-05-14 00:05:210 INFO  TestBase:185 - Capturing ui navigation screen
2022-05-14 00:05:507 INFO  RegistrationPage:73 - RegistrationPage created
2022-05-14 00:05:508 INFO  WaitHelper:22 - WaitHelper object created
2022-05-14 00:05:595 INFO  TestBase:185 - Capturing ui navigation screen
2022-05-14 00:05:39 INFO  RegistrationPage:73 - RegistrationPage created
2022-05-14 00:05:296 INFO  RegistrationPage:85 - firstName entered
2022-05-14 00:05:482 INFO  RegistrationPage:91 - lastName entered
2022-05-14 00:05:628 INFO  RegistrationPage:97 - password entered
2022-05-14 00:05:866 INFO  RegistrationPage:151 - address entered
2022-05-14 00:05:144 INFO  RegistrationPage:113 - day entered
2022-05-14 00:05:418 INFO  RegistrationPage:129 - month entered
2022-05-14 00:05:994 INFO  RegistrationPage:145 - year entered
2022-05-14 00:05:138 INFO  RegistrationPage:157 - city entered
2022-05-14 00:05:381 INFO  RegistrationPage:173 - state entered California
2022-05-14 00:05:573 INFO  RegistrationPage:179 - zipcode entered
2022-05-14 00:05:724 INFO  RegistrationPage:185 - phonenumber entered
2022-05-14 00:05:682 INFO  RegistrationPage:191 - registrationButto clicked
2022-05-14 00:05:683 INFO  WaitHelper:22 - WaitHelper object created
2022-05-14 00:05:852 INFO  TestBase:185 - Capturing ui navigation screen
2022-05-14 00:05:66 INFO  WaitHelper:22 - WaitHelper object created
2022-05-14 00:05:132 INFO  TestBase:185 - Capturing ui navigation screen
2022-05-14 00:05:444 INFO  VerificationHelper:20 - Element is displayed Welcome to your account. Here you can manage all of your personal information and orders.
2022-05-14 00:05:448 INFO  ExtentListener:31 - testLoginApplication test passed
2022-05-14 00:05:642 INFO  ExtentListener:70 - RegistrationTest finished
2022-05-14 00:05:644 INFO  ExtentListener:63 - VerifyLowestFirstPriceSortTest started
2022-05-14 00:05:380 INFO  TestBase:157 - initialze webdriver: RemoteWebDriver: chrome on LINUX (fd2874798b0a66e43f6d1472f91a8cb7)
2022-05-14 00:05:381 INFO  WaitHelper:22 - WaitHelper object created
2022-05-14 00:05:400 INFO  WaitHelper:28 - Implicit Wait has been set to: 30
2022-05-14 00:05:400 INFO  WaitHelper:91 - Waiting for loading a page for: 30
2022-05-14 00:05:422 INFO  WaitHelper:93 - Page is loaded
2022-05-14 00:05:430 INFO  ExtentListener:24 - verifySortByLowestPricesFirst test started
2022-05-14 00:05:727 INFO  WaitHelper:22 - WaitHelper object created
2022-05-14 00:05:796 INFO  TestBase:185 - Capturing ui navigation screen
2022-05-14 00:05:247 INFO  NavigationMenu:54 - click on Product Category Menu
2022-05-14 00:05:181 INFO  WaitHelper:22 - WaitHelper object created
2022-05-14 00:05:278 INFO  TestBase:185 - Capturing ui navigation screen
2022-05-14 00:05:499 INFO  ProductCategoryPage:58 - product category page is created
2022-05-14 00:05:832 INFO  DropdownHelper:36 - Select by visible text
2022-05-14 00:05:888 INFO  ProductCategoryPage:154 - 16.40
2022-05-14 00:05:924 INFO  ProductCategoryPage:154 - 16.51
2022-05-14 00:05:954 INFO  ProductCategoryPage:154 - 26.00
2022-05-14 00:05:980 INFO  ProductCategoryPage:154 - 27.00
2022-05-14 00:05:23 INFO  ProductCategoryPage:154 - 28.98
2022-05-14 00:05:46 INFO  ProductCategoryPage:154 - 30.50
2022-05-14 00:05:100 INFO  ProductCategoryPage:154 - 50.99
2022-05-14 00:05:100 INFO  ProductCategoryPage:160 - [16, 16, 26, 27, 28, 30, 50]
2022-05-14 00:05:101 INFO  ProductCategoryPage:163 - 16 <= 16
2022-05-14 00:05:101 INFO  ProductCategoryPage:163 - 16 <= 26
2022-05-14 00:05:101 INFO  ProductCategoryPage:163 - 26 <= 27
2022-05-14 00:05:101 INFO  ProductCategoryPage:163 - 27 <= 28
2022-05-14 00:05:102 INFO  ProductCategoryPage:163 - 28 <= 30
2022-05-14 00:05:102 INFO  ProductCategoryPage:163 - 30 <= 50
2022-05-14 00:05:104 INFO  ExtentListener:31 - verifySortByLowestPricesFirst test passed
2022-05-14 00:05:362 INFO  ExtentListener:70 - VerifyLowestFirstPriceSortTest finished
2022-05-14 00:05:363 INFO  ExtentListener:63 - Test started
2022-05-14 00:05:370 INFO  ExtentListener:24 - testf2 test started
2022-05-14 00:05:374 INFO  ExtentListener:24 - testc2 test started
2022-05-14 00:05:378 INFO  ExtentListener:24 - testf1 test started
2022-05-14 00:05:381 INFO  ExtentListener:24 - testc1 test started
2022-05-14 00:05:379 INFO  ExtentListener:31 - testc2 test passed
2022-05-14 00:05:95 INFO  ExtentListener:31 - testf1 test passed
2022-05-14 00:05:893 INFO  ExtentListener:31 - testc1 test passed
2022-05-14 00:05:730 INFO  ExtentListener:31 - testf2 test passed
2022-05-14 00:05:776 INFO  ExtentListener:70 - Test finished
